{"C:\\Users\\j-j-m\\Desktop\\torvolds\\lap2\\project\\team-hip-hip\\backend\\api.js": {"path":"C:\\Users\\j-j-m\\Desktop\\torvolds\\lap2\\project\\team-hip-hip\\backend\\api.js","statementMap":{"0":{"start":{"line":1,"column":16},"end":{"line":1,"column":34}},"1":{"start":{"line":2,"column":13},"end":{"line":2,"column":28}},"2":{"start":{"line":3,"column":20},"end":{"line":3,"column":46}},"3":{"start":{"line":4,"column":24},"end":{"line":4,"column":55}},"4":{"start":{"line":5,"column":19},"end":{"line":5,"column":44}},"5":{"start":{"line":6,"column":20},"end":{"line":6,"column":46}},"6":{"start":{"line":8,"column":22},"end":{"line":8,"column":50}},"7":{"start":{"line":9,"column":20},"end":{"line":9,"column":47}},"8":{"start":{"line":13,"column":12},"end":{"line":13,"column":21}},"9":{"start":{"line":15,"column":0},"end":{"line":15,"column":16}},"10":{"start":{"line":16,"column":0},"end":{"line":16,"column":24}},"11":{"start":{"line":17,"column":0},"end":{"line":17,"column":26}},"12":{"start":{"line":18,"column":0},"end":{"line":18,"column":30}},"13":{"start":{"line":19,"column":0},"end":{"line":19,"column":40}},"14":{"start":{"line":20,"column":0},"end":{"line":20,"column":30}},"15":{"start":{"line":21,"column":0},"end":{"line":21,"column":31}},"16":{"start":{"line":22,"column":0},"end":{"line":22,"column":32}},"17":{"start":{"line":23,"column":0},"end":{"line":23,"column":29}},"18":{"start":{"line":24,"column":0},"end":{"line":24,"column":36}},"19":{"start":{"line":25,"column":0},"end":{"line":25,"column":21}}},"fnMap":{},"branchMap":{},"s":{"0":1,"1":1,"2":1,"3":1,"4":1,"5":1,"6":1,"7":1,"8":1,"9":1,"10":1,"11":1,"12":1,"13":1,"14":1,"15":1,"16":1,"17":1,"18":1,"19":1},"f":{},"b":{},"_coverageSchema":"1a1c01bbd47fc00a2c39e90264f33305004495a9","hash":"9ebf2b690df0607e496000abaedd927409591c73"}
,"C:\\Users\\j-j-m\\Desktop\\torvolds\\lap2\\project\\team-hip-hip\\backend\\controllers\\complaints.js": {"path":"C:\\Users\\j-j-m\\Desktop\\torvolds\\lap2\\project\\team-hip-hip\\backend\\controllers\\complaints.js","statementMap":{"0":{"start":{"line":1,"column":18},"end":{"line":1,"column":48}},"1":{"start":{"line":2,"column":13},"end":{"line":2,"column":38}},"2":{"start":{"line":3,"column":13},"end":{"line":3,"column":38}},"3":{"start":{"line":5,"column":4},"end":{"line":10,"column":5}},"4":{"start":{"line":6,"column":27},"end":{"line":6,"column":51}},"5":{"start":{"line":7,"column":8},"end":{"line":7,"column":29}},"6":{"start":{"line":9,"column":8},"end":{"line":9,"column":53}},"7":{"start":{"line":14,"column":4},"end":{"line":20,"column":5}},"8":{"start":{"line":15,"column":21},"end":{"line":15,"column":29}},"9":{"start":{"line":16,"column":21},"end":{"line":16,"column":49}},"10":{"start":{"line":17,"column":8},"end":{"line":17,"column":23}},"11":{"start":{"line":19,"column":8},"end":{"line":19,"column":53}},"12":{"start":{"line":23,"column":4},"end":{"line":38,"column":5}},"13":{"start":{"line":24,"column":28},"end":{"line":24,"column":41}},"14":{"start":{"line":25,"column":8},"end":{"line":25,"column":57}},"15":{"start":{"line":25,"column":26},"end":{"line":25,"column":57}},"16":{"start":{"line":26,"column":26},"end":{"line":26,"column":62}},"17":{"start":{"line":27,"column":8},"end":{"line":31,"column":44}},"18":{"start":{"line":31,"column":12},"end":{"line":31,"column":44}},"19":{"start":{"line":32,"column":19},"end":{"line":32,"column":27}},"20":{"start":{"line":34,"column":8},"end":{"line":34,"column":55}},"21":{"start":{"line":35,"column":8},"end":{"line":35,"column":37}},"22":{"start":{"line":37,"column":8},"end":{"line":37,"column":53}},"23":{"start":{"line":41,"column":4},"end":{"line":51,"column":5}},"24":{"start":{"line":42,"column":26},"end":{"line":42,"column":39}},"25":{"start":{"line":43,"column":19},"end":{"line":43,"column":27}},"26":{"start":{"line":44,"column":8},"end":{"line":44,"column":76}},"27":{"start":{"line":44,"column":46},"end":{"line":44,"column":76}},"28":{"start":{"line":45,"column":26},"end":{"line":45,"column":64}},"29":{"start":{"line":46,"column":23},"end":{"line":46,"column":49}},"30":{"start":{"line":47,"column":8},"end":{"line":47,"column":37}},"31":{"start":{"line":50,"column":8},"end":{"line":50,"column":53}},"32":{"start":{"line":55,"column":4},"end":{"line":65,"column":5}},"33":{"start":{"line":56,"column":26},"end":{"line":56,"column":39}},"34":{"start":{"line":57,"column":19},"end":{"line":57,"column":27}},"35":{"start":{"line":58,"column":8},"end":{"line":58,"column":76}},"36":{"start":{"line":58,"column":46},"end":{"line":58,"column":76}},"37":{"start":{"line":59,"column":26},"end":{"line":59,"column":64}},"38":{"start":{"line":60,"column":23},"end":{"line":60,"column":53}},"39":{"start":{"line":61,"column":8},"end":{"line":61,"column":37}},"40":{"start":{"line":64,"column":8},"end":{"line":64,"column":53}},"41":{"start":{"line":69,"column":4},"end":{"line":84,"column":5}},"42":{"start":{"line":70,"column":26},"end":{"line":70,"column":39}},"43":{"start":{"line":71,"column":8},"end":{"line":71,"column":57}},"44":{"start":{"line":71,"column":26},"end":{"line":71,"column":57}},"45":{"start":{"line":72,"column":26},"end":{"line":72,"column":64}},"46":{"start":{"line":73,"column":8},"end":{"line":77,"column":54}},"47":{"start":{"line":77,"column":12},"end":{"line":77,"column":54}},"48":{"start":{"line":79,"column":8},"end":{"line":79,"column":59}},"49":{"start":{"line":80,"column":23},"end":{"line":80,"column":48}},"50":{"start":{"line":81,"column":8},"end":{"line":81,"column":37}},"51":{"start":{"line":83,"column":8},"end":{"line":83,"column":53}},"52":{"start":{"line":87,"column":4},"end":{"line":92,"column":5}},"53":{"start":{"line":88,"column":27},"end":{"line":88,"column":58}},"54":{"start":{"line":89,"column":8},"end":{"line":89,"column":41}},"55":{"start":{"line":91,"column":8},"end":{"line":91,"column":54}},"56":{"start":{"line":95,"column":0},"end":{"line":95,"column":93}}},"fnMap":{"0":{"name":"index","decl":{"start":{"line":4,"column":15},"end":{"line":4,"column":20}},"loc":{"start":{"line":4,"column":31},"end":{"line":11,"column":1}},"line":4},"1":{"name":"create","decl":{"start":{"line":13,"column":15},"end":{"line":13,"column":21}},"loc":{"start":{"line":13,"column":32},"end":{"line":21,"column":1}},"line":13},"2":{"name":"update","decl":{"start":{"line":22,"column":15},"end":{"line":22,"column":21}},"loc":{"start":{"line":22,"column":32},"end":{"line":39,"column":1}},"line":22},"3":{"name":"vote","decl":{"start":{"line":40,"column":15},"end":{"line":40,"column":19}},"loc":{"start":{"line":40,"column":30},"end":{"line":52,"column":1}},"line":40},"4":{"name":"approveComplaint","decl":{"start":{"line":54,"column":15},"end":{"line":54,"column":31}},"loc":{"start":{"line":54,"column":40},"end":{"line":66,"column":1}},"line":54},"5":{"name":"destroy","decl":{"start":{"line":68,"column":15},"end":{"line":68,"column":22}},"loc":{"start":{"line":68,"column":33},"end":{"line":85,"column":1}},"line":68},"6":{"name":"indexUnapproved","decl":{"start":{"line":86,"column":15},"end":{"line":86,"column":30}},"loc":{"start":{"line":86,"column":41},"end":{"line":93,"column":1}},"line":86}},"branchMap":{"0":{"loc":{"start":{"line":25,"column":8},"end":{"line":25,"column":57}},"type":"if","locations":[{"start":{"line":25,"column":8},"end":{"line":25,"column":57}},{"start":{},"end":{}}],"line":25},"1":{"loc":{"start":{"line":27,"column":8},"end":{"line":31,"column":44}},"type":"if","locations":[{"start":{"line":27,"column":8},"end":{"line":31,"column":44}},{"start":{},"end":{}}],"line":27},"2":{"loc":{"start":{"line":28,"column":12},"end":{"line":29,"column":49}},"type":"binary-expr","locations":[{"start":{"line":28,"column":12},"end":{"line":28,"column":48}},{"start":{"line":29,"column":12},"end":{"line":29,"column":49}}],"line":28},"3":{"loc":{"start":{"line":44,"column":8},"end":{"line":44,"column":76}},"type":"if","locations":[{"start":{"line":44,"column":8},"end":{"line":44,"column":76}},{"start":{},"end":{}}],"line":44},"4":{"loc":{"start":{"line":44,"column":11},"end":{"line":44,"column":44}},"type":"binary-expr","locations":[{"start":{"line":44,"column":11},"end":{"line":44,"column":23}},{"start":{"line":44,"column":27},"end":{"line":44,"column":44}}],"line":44},"5":{"loc":{"start":{"line":58,"column":8},"end":{"line":58,"column":76}},"type":"if","locations":[{"start":{"line":58,"column":8},"end":{"line":58,"column":76}},{"start":{},"end":{}}],"line":58},"6":{"loc":{"start":{"line":58,"column":11},"end":{"line":58,"column":44}},"type":"binary-expr","locations":[{"start":{"line":58,"column":11},"end":{"line":58,"column":23}},{"start":{"line":58,"column":27},"end":{"line":58,"column":44}}],"line":58},"7":{"loc":{"start":{"line":71,"column":8},"end":{"line":71,"column":57}},"type":"if","locations":[{"start":{"line":71,"column":8},"end":{"line":71,"column":57}},{"start":{},"end":{}}],"line":71},"8":{"loc":{"start":{"line":73,"column":8},"end":{"line":77,"column":54}},"type":"if","locations":[{"start":{"line":73,"column":8},"end":{"line":77,"column":54}},{"start":{},"end":{}}],"line":73},"9":{"loc":{"start":{"line":74,"column":12},"end":{"line":75,"column":49}},"type":"binary-expr","locations":[{"start":{"line":74,"column":12},"end":{"line":74,"column":48}},{"start":{"line":75,"column":12},"end":{"line":75,"column":49}}],"line":74}},"s":{"0":1,"1":1,"2":1,"3":0,"4":0,"5":0,"6":0,"7":0,"8":0,"9":0,"10":0,"11":0,"12":0,"13":0,"14":0,"15":0,"16":0,"17":0,"18":0,"19":0,"20":0,"21":0,"22":0,"23":0,"24":0,"25":0,"26":0,"27":0,"28":0,"29":0,"30":0,"31":0,"32":0,"33":0,"34":0,"35":0,"36":0,"37":0,"38":0,"39":0,"40":0,"41":0,"42":0,"43":0,"44":0,"45":0,"46":0,"47":0,"48":0,"49":0,"50":0,"51":0,"52":0,"53":0,"54":0,"55":0,"56":1},"f":{"0":0,"1":0,"2":0,"3":0,"4":0,"5":0,"6":0},"b":{"0":[0,0],"1":[0,0],"2":[0,0],"3":[0,0],"4":[0,0],"5":[0,0],"6":[0,0],"7":[0,0],"8":[0,0],"9":[0,0]},"_coverageSchema":"1a1c01bbd47fc00a2c39e90264f33305004495a9","hash":"e12467673df025c01594f48a71ee3683c52df165"}
,"C:\\Users\\j-j-m\\Desktop\\torvolds\\lap2\\project\\team-hip-hip\\backend\\controllers\\index.js": {"path":"C:\\Users\\j-j-m\\Desktop\\torvolds\\lap2\\project\\team-hip-hip\\backend\\controllers\\index.js","statementMap":{"0":{"start":{"line":1,"column":0},"end":{"line":7,"column":2}},"1":{"start":{"line":2,"column":17},"end":{"line":5,"column":5}},"2":{"start":{"line":6,"column":4},"end":{"line":6,"column":31}}},"fnMap":{"0":{"name":"(anonymous_0)","decl":{"start":{"line":1,"column":16},"end":{"line":1,"column":17}},"loc":{"start":{"line":1,"column":30},"end":{"line":7,"column":1}},"line":1}},"branchMap":{},"s":{"0":1,"1":1,"2":1},"f":{"0":1},"b":{},"_coverageSchema":"1a1c01bbd47fc00a2c39e90264f33305004495a9","hash":"788a5316773280bab1230643f10d56e60572ce0d"}
,"C:\\Users\\j-j-m\\Desktop\\torvolds\\lap2\\project\\team-hip-hip\\backend\\controllers\\listing.js": {"path":"C:\\Users\\j-j-m\\Desktop\\torvolds\\lap2\\project\\team-hip-hip\\backend\\controllers\\listing.js","statementMap":{"0":{"start":{"line":1,"column":16},"end":{"line":1,"column":44}},"1":{"start":{"line":3,"column":14},"end":{"line":10,"column":1}},"2":{"start":{"line":4,"column":4},"end":{"line":9,"column":5}},"3":{"start":{"line":5,"column":24},"end":{"line":5,"column":46}},"4":{"start":{"line":6,"column":8},"end":{"line":6,"column":25}},"5":{"start":{"line":8,"column":8},"end":{"line":8,"column":52}},"6":{"start":{"line":12,"column":4},"end":{"line":17,"column":5}},"7":{"start":{"line":13,"column":24},"end":{"line":13,"column":53}},"8":{"start":{"line":14,"column":8},"end":{"line":14,"column":38}},"9":{"start":{"line":16,"column":8},"end":{"line":16,"column":53}},"10":{"start":{"line":19,"column":18},"end":{"line":26,"column":1}},"11":{"start":{"line":20,"column":4},"end":{"line":25,"column":5}},"12":{"start":{"line":21,"column":25},"end":{"line":21,"column":52}},"13":{"start":{"line":22,"column":8},"end":{"line":22,"column":26}},"14":{"start":{"line":24,"column":8},"end":{"line":24,"column":52}},"15":{"start":{"line":28,"column":13},"end":{"line":36,"column":1}},"16":{"start":{"line":29,"column":4},"end":{"line":35,"column":5}},"17":{"start":{"line":30,"column":19},"end":{"line":30,"column":42}},"18":{"start":{"line":31,"column":25},"end":{"line":31,"column":53}},"19":{"start":{"line":32,"column":8},"end":{"line":32,"column":26}},"20":{"start":{"line":34,"column":8},"end":{"line":34,"column":52}},"21":{"start":{"line":39,"column":4},"end":{"line":45,"column":5}},"22":{"start":{"line":40,"column":21},"end":{"line":40,"column":29}},"23":{"start":{"line":41,"column":23},"end":{"line":41,"column":49}},"24":{"start":{"line":42,"column":8},"end":{"line":42,"column":37}},"25":{"start":{"line":44,"column":8},"end":{"line":44,"column":52}},"26":{"start":{"line":49,"column":4},"end":{"line":57,"column":5}},"27":{"start":{"line":50,"column":19},"end":{"line":50,"column":42}},"28":{"start":{"line":51,"column":21},"end":{"line":51,"column":29}},"29":{"start":{"line":52,"column":24},"end":{"line":52,"column":52}},"30":{"start":{"line":53,"column":23},"end":{"line":53,"column":49}},"31":{"start":{"line":54,"column":8},"end":{"line":54,"column":37}},"32":{"start":{"line":56,"column":8},"end":{"line":56,"column":52}},"33":{"start":{"line":61,"column":4},"end":{"line":69,"column":5}},"34":{"start":{"line":62,"column":19},"end":{"line":62,"column":42}},"35":{"start":{"line":63,"column":21},"end":{"line":63,"column":29}},"36":{"start":{"line":64,"column":24},"end":{"line":64,"column":52}},"37":{"start":{"line":65,"column":23},"end":{"line":65,"column":54}},"38":{"start":{"line":66,"column":8},"end":{"line":66,"column":37}},"39":{"start":{"line":68,"column":8},"end":{"line":68,"column":52}},"40":{"start":{"line":73,"column":4},"end":{"line":80,"column":5}},"41":{"start":{"line":74,"column":19},"end":{"line":74,"column":42}},"42":{"start":{"line":75,"column":24},"end":{"line":75,"column":52}},"43":{"start":{"line":76,"column":23},"end":{"line":76,"column":46}},"44":{"start":{"line":77,"column":8},"end":{"line":77,"column":37}},"45":{"start":{"line":79,"column":8},"end":{"line":79,"column":52}},"46":{"start":{"line":84,"column":0},"end":{"line":84,"column":98}}},"fnMap":{"0":{"name":"(anonymous_0)","decl":{"start":{"line":3,"column":14},"end":{"line":3,"column":15}},"loc":{"start":{"line":3,"column":34},"end":{"line":10,"column":1}},"line":3},"1":{"name":"indexUnapproved","decl":{"start":{"line":11,"column":15},"end":{"line":11,"column":30}},"loc":{"start":{"line":11,"column":41},"end":{"line":18,"column":1}},"line":11},"2":{"name":"(anonymous_2)","decl":{"start":{"line":19,"column":18},"end":{"line":19,"column":19}},"loc":{"start":{"line":19,"column":38},"end":{"line":26,"column":1}},"line":19},"3":{"name":"(anonymous_3)","decl":{"start":{"line":28,"column":13},"end":{"line":28,"column":14}},"loc":{"start":{"line":28,"column":33},"end":{"line":36,"column":1}},"line":28},"4":{"name":"create","decl":{"start":{"line":38,"column":15},"end":{"line":38,"column":21}},"loc":{"start":{"line":38,"column":33},"end":{"line":46,"column":1}},"line":38},"5":{"name":"update","decl":{"start":{"line":48,"column":15},"end":{"line":48,"column":21}},"loc":{"start":{"line":48,"column":33},"end":{"line":58,"column":1}},"line":48},"6":{"name":"updateVotes","decl":{"start":{"line":60,"column":15},"end":{"line":60,"column":26}},"loc":{"start":{"line":60,"column":38},"end":{"line":70,"column":1}},"line":60},"7":{"name":"destroy","decl":{"start":{"line":72,"column":15},"end":{"line":72,"column":22}},"loc":{"start":{"line":72,"column":34},"end":{"line":81,"column":1}},"line":72}},"branchMap":{},"s":{"0":1,"1":1,"2":0,"3":0,"4":0,"5":0,"6":0,"7":0,"8":0,"9":0,"10":1,"11":0,"12":0,"13":0,"14":0,"15":1,"16":0,"17":0,"18":0,"19":0,"20":0,"21":0,"22":0,"23":0,"24":0,"25":0,"26":0,"27":0,"28":0,"29":0,"30":0,"31":0,"32":0,"33":0,"34":0,"35":0,"36":0,"37":0,"38":0,"39":0,"40":0,"41":0,"42":0,"43":0,"44":0,"45":0,"46":1},"f":{"0":0,"1":0,"2":0,"3":0,"4":0,"5":0,"6":0,"7":0},"b":{},"_coverageSchema":"1a1c01bbd47fc00a2c39e90264f33305004495a9","hash":"dcc1dcef00bccabeb793b5660c251101bd69d320"}
,"C:\\Users\\j-j-m\\Desktop\\torvolds\\lap2\\project\\team-hip-hip\\backend\\controllers\\posts.js": {"path":"C:\\Users\\j-j-m\\Desktop\\torvolds\\lap2\\project\\team-hip-hip\\backend\\controllers\\posts.js","statementMap":{"0":{"start":{"line":1,"column":13},"end":{"line":1,"column":38}},"1":{"start":{"line":2,"column":13},"end":{"line":2,"column":38}},"2":{"start":{"line":3,"column":19},"end":{"line":3,"column":75}},"3":{"start":{"line":6,"column":4},"end":{"line":11,"column":5}},"4":{"start":{"line":7,"column":22},"end":{"line":7,"column":41}},"5":{"start":{"line":8,"column":8},"end":{"line":8,"column":24}},"6":{"start":{"line":10,"column":8},"end":{"line":10,"column":54}},"7":{"start":{"line":15,"column":4},"end":{"line":23,"column":5}},"8":{"start":{"line":16,"column":25},"end":{"line":16,"column":39}},"9":{"start":{"line":17,"column":8},"end":{"line":17,"column":90}},"10":{"start":{"line":17,"column":48},"end":{"line":17,"column":90}},"11":{"start":{"line":18,"column":22},"end":{"line":18,"column":59}},"12":{"start":{"line":19,"column":8},"end":{"line":19,"column":26}},"13":{"start":{"line":20,"column":8},"end":{"line":20,"column":23}},"14":{"start":{"line":22,"column":8},"end":{"line":22,"column":52}},"15":{"start":{"line":27,"column":4},"end":{"line":36,"column":5}},"16":{"start":{"line":28,"column":26},"end":{"line":28,"column":39}},"17":{"start":{"line":29,"column":8},"end":{"line":29,"column":68}},"18":{"start":{"line":29,"column":24},"end":{"line":29,"column":68}},"19":{"start":{"line":30,"column":8},"end":{"line":30,"column":31}},"20":{"start":{"line":31,"column":22},"end":{"line":31,"column":65}},"21":{"start":{"line":32,"column":8},"end":{"line":32,"column":26}},"22":{"start":{"line":33,"column":8},"end":{"line":33,"column":23}},"23":{"start":{"line":35,"column":8},"end":{"line":35,"column":52}},"24":{"start":{"line":40,"column":4},"end":{"line":46,"column":5}},"25":{"start":{"line":41,"column":19},"end":{"line":41,"column":42}},"26":{"start":{"line":42,"column":21},"end":{"line":42,"column":46}},"27":{"start":{"line":43,"column":8},"end":{"line":43,"column":23}},"28":{"start":{"line":45,"column":8},"end":{"line":45,"column":54}},"29":{"start":{"line":50,"column":4},"end":{"line":55,"column":5}},"30":{"start":{"line":51,"column":22},"end":{"line":51,"column":46}},"31":{"start":{"line":52,"column":8},"end":{"line":52,"column":24}},"32":{"start":{"line":54,"column":8},"end":{"line":54,"column":54}},"33":{"start":{"line":59,"column":4},"end":{"line":66,"column":5}},"34":{"start":{"line":60,"column":25},"end":{"line":60,"column":44}},"35":{"start":{"line":61,"column":8},"end":{"line":61,"column":90}},"36":{"start":{"line":61,"column":48},"end":{"line":61,"column":90}},"37":{"start":{"line":62,"column":22},"end":{"line":62,"column":67}},"38":{"start":{"line":63,"column":8},"end":{"line":63,"column":23}},"39":{"start":{"line":65,"column":8},"end":{"line":65,"column":52}},"40":{"start":{"line":70,"column":4},"end":{"line":75,"column":5}},"41":{"start":{"line":71,"column":22},"end":{"line":71,"column":45}},"42":{"start":{"line":72,"column":8},"end":{"line":72,"column":23}},"43":{"start":{"line":74,"column":8},"end":{"line":74,"column":52}},"44":{"start":{"line":79,"column":4},"end":{"line":86,"column":5}},"45":{"start":{"line":80,"column":25},"end":{"line":80,"column":44}},"46":{"start":{"line":81,"column":8},"end":{"line":81,"column":90}},"47":{"start":{"line":81,"column":48},"end":{"line":81,"column":90}},"48":{"start":{"line":82,"column":22},"end":{"line":82,"column":66}},"49":{"start":{"line":83,"column":8},"end":{"line":83,"column":23}},"50":{"start":{"line":85,"column":8},"end":{"line":85,"column":52}},"51":{"start":{"line":90,"column":4},"end":{"line":98,"column":5}},"52":{"start":{"line":91,"column":21},"end":{"line":91,"column":29}},"53":{"start":{"line":92,"column":8},"end":{"line":92,"column":25}},"54":{"start":{"line":93,"column":8},"end":{"line":93,"column":95}},"55":{"start":{"line":93,"column":53},"end":{"line":93,"column":95}},"56":{"start":{"line":94,"column":21},"end":{"line":94,"column":44}},"57":{"start":{"line":95,"column":8},"end":{"line":95,"column":23}},"58":{"start":{"line":97,"column":8},"end":{"line":97,"column":54}},"59":{"start":{"line":102,"column":4},"end":{"line":117,"column":5}},"60":{"start":{"line":103,"column":19},"end":{"line":103,"column":42}},"61":{"start":{"line":104,"column":21},"end":{"line":104,"column":46}},"62":{"start":{"line":105,"column":21},"end":{"line":105,"column":29}},"63":{"start":{"line":107,"column":8},"end":{"line":113,"column":9}},"64":{"start":{"line":108,"column":12},"end":{"line":108,"column":50}},"65":{"start":{"line":111,"column":12},"end":{"line":111,"column":45}},"66":{"start":{"line":112,"column":12},"end":{"line":112,"column":31}},"67":{"start":{"line":114,"column":8},"end":{"line":114,"column":37}},"68":{"start":{"line":116,"column":8},"end":{"line":116,"column":55}},"69":{"start":{"line":121,"column":4},"end":{"line":131,"column":5}},"70":{"start":{"line":122,"column":19},"end":{"line":122,"column":42}},"71":{"start":{"line":123,"column":21},"end":{"line":123,"column":46}},"72":{"start":{"line":124,"column":24},"end":{"line":124,"column":65}},"73":{"start":{"line":125,"column":8},"end":{"line":125,"column":28}},"74":{"start":{"line":126,"column":8},"end":{"line":126,"column":92}},"75":{"start":{"line":126,"column":58},"end":{"line":126,"column":92}},"76":{"start":{"line":127,"column":23},"end":{"line":127,"column":43}},"77":{"start":{"line":128,"column":8},"end":{"line":128,"column":25}},"78":{"start":{"line":130,"column":8},"end":{"line":130,"column":54}},"79":{"start":{"line":134,"column":0},"end":{"line":146,"column":2}}},"fnMap":{"0":{"name":"index","decl":{"start":{"line":5,"column":15},"end":{"line":5,"column":20}},"loc":{"start":{"line":5,"column":31},"end":{"line":12,"column":1}},"line":5},"1":{"name":"categoryIndex","decl":{"start":{"line":14,"column":15},"end":{"line":14,"column":28}},"loc":{"start":{"line":14,"column":39},"end":{"line":24,"column":1}},"line":14},"2":{"name":"getByComplaintID","decl":{"start":{"line":26,"column":15},"end":{"line":26,"column":31}},"loc":{"start":{"line":26,"column":41},"end":{"line":37,"column":1}},"line":26},"3":{"name":"show","decl":{"start":{"line":39,"column":15},"end":{"line":39,"column":19}},"loc":{"start":{"line":39,"column":30},"end":{"line":47,"column":1}},"line":39},"4":{"name":"indexByDate","decl":{"start":{"line":49,"column":15},"end":{"line":49,"column":26}},"loc":{"start":{"line":49,"column":37},"end":{"line":56,"column":1}},"line":49},"5":{"name":"categoryIndexByDate","decl":{"start":{"line":58,"column":15},"end":{"line":58,"column":34}},"loc":{"start":{"line":58,"column":45},"end":{"line":67,"column":1}},"line":58},"6":{"name":"indexByVotes","decl":{"start":{"line":69,"column":15},"end":{"line":69,"column":27}},"loc":{"start":{"line":69,"column":38},"end":{"line":76,"column":1}},"line":69},"7":{"name":"categoryIndexByVotes","decl":{"start":{"line":78,"column":15},"end":{"line":78,"column":35}},"loc":{"start":{"line":78,"column":46},"end":{"line":87,"column":1}},"line":78},"8":{"name":"create","decl":{"start":{"line":89,"column":15},"end":{"line":89,"column":21}},"loc":{"start":{"line":89,"column":32},"end":{"line":99,"column":1}},"line":89},"9":{"name":"update","decl":{"start":{"line":101,"column":15},"end":{"line":101,"column":21}},"loc":{"start":{"line":101,"column":32},"end":{"line":118,"column":1}},"line":101},"10":{"name":"destroy","decl":{"start":{"line":120,"column":15},"end":{"line":120,"column":22}},"loc":{"start":{"line":120,"column":33},"end":{"line":132,"column":1}},"line":120}},"branchMap":{"0":{"loc":{"start":{"line":17,"column":8},"end":{"line":17,"column":90}},"type":"if","locations":[{"start":{"line":17,"column":8},"end":{"line":17,"column":90}},{"start":{},"end":{}}],"line":17},"1":{"loc":{"start":{"line":29,"column":8},"end":{"line":29,"column":68}},"type":"if","locations":[{"start":{"line":29,"column":8},"end":{"line":29,"column":68}},{"start":{},"end":{}}],"line":29},"2":{"loc":{"start":{"line":61,"column":8},"end":{"line":61,"column":90}},"type":"if","locations":[{"start":{"line":61,"column":8},"end":{"line":61,"column":90}},{"start":{},"end":{}}],"line":61},"3":{"loc":{"start":{"line":81,"column":8},"end":{"line":81,"column":90}},"type":"if","locations":[{"start":{"line":81,"column":8},"end":{"line":81,"column":90}},{"start":{},"end":{}}],"line":81},"4":{"loc":{"start":{"line":93,"column":8},"end":{"line":93,"column":95}},"type":"if","locations":[{"start":{"line":93,"column":8},"end":{"line":93,"column":95}},{"start":{},"end":{}}],"line":93},"5":{"loc":{"start":{"line":107,"column":8},"end":{"line":113,"column":9}},"type":"if","locations":[{"start":{"line":107,"column":8},"end":{"line":113,"column":9}},{"start":{"line":110,"column":13},"end":{"line":113,"column":9}}],"line":107},"6":{"loc":{"start":{"line":126,"column":8},"end":{"line":126,"column":92}},"type":"if","locations":[{"start":{"line":126,"column":8},"end":{"line":126,"column":92}},{"start":{},"end":{}}],"line":126},"7":{"loc":{"start":{"line":126,"column":11},"end":{"line":126,"column":56}},"type":"binary-expr","locations":[{"start":{"line":126,"column":11},"end":{"line":126,"column":19}},{"start":{"line":126,"column":23},"end":{"line":126,"column":56}}],"line":126}},"s":{"0":1,"1":1,"2":1,"3":0,"4":0,"5":0,"6":0,"7":0,"8":0,"9":0,"10":0,"11":0,"12":0,"13":0,"14":0,"15":0,"16":0,"17":0,"18":0,"19":0,"20":0,"21":0,"22":0,"23":0,"24":0,"25":0,"26":0,"27":0,"28":0,"29":0,"30":0,"31":0,"32":0,"33":0,"34":0,"35":0,"36":0,"37":0,"38":0,"39":0,"40":0,"41":0,"42":0,"43":0,"44":0,"45":0,"46":0,"47":0,"48":0,"49":0,"50":0,"51":0,"52":0,"53":0,"54":0,"55":0,"56":0,"57":0,"58":0,"59":0,"60":0,"61":0,"62":0,"63":0,"64":0,"65":0,"66":0,"67":0,"68":0,"69":0,"70":0,"71":0,"72":0,"73":0,"74":0,"75":0,"76":0,"77":0,"78":0,"79":1},"f":{"0":0,"1":0,"2":0,"3":0,"4":0,"5":0,"6":0,"7":0,"8":0,"9":0,"10":0},"b":{"0":[0,0],"1":[0,0],"2":[0,0],"3":[0,0],"4":[0,0],"5":[0,0],"6":[0,0],"7":[0,0]},"_coverageSchema":"1a1c01bbd47fc00a2c39e90264f33305004495a9","hash":"5b6d55b6fc7b83ba38d2163de9749bfa2b4e0ca1"}
,"C:\\Users\\j-j-m\\Desktop\\torvolds\\lap2\\project\\team-hip-hip\\backend\\controllers\\skills.js": {"path":"C:\\Users\\j-j-m\\Desktop\\torvolds\\lap2\\project\\team-hip-hip\\backend\\controllers\\skills.js","statementMap":{"0":{"start":{"line":1,"column":14},"end":{"line":1,"column":41}},"1":{"start":{"line":3,"column":14},"end":{"line":10,"column":1}},"2":{"start":{"line":4,"column":4},"end":{"line":9,"column":5}},"3":{"start":{"line":5,"column":23},"end":{"line":5,"column":43}},"4":{"start":{"line":6,"column":8},"end":{"line":6,"column":25}},"5":{"start":{"line":8,"column":8},"end":{"line":8,"column":53}},"6":{"start":{"line":12,"column":4},"end":{"line":21,"column":5}},"7":{"start":{"line":13,"column":22},"end":{"line":13,"column":35}},"8":{"start":{"line":14,"column":19},"end":{"line":14,"column":27}},"9":{"start":{"line":15,"column":8},"end":{"line":15,"column":74}},"10":{"start":{"line":15,"column":43},"end":{"line":15,"column":74}},"11":{"start":{"line":16,"column":22},"end":{"line":16,"column":59}},"12":{"start":{"line":17,"column":23},"end":{"line":17,"column":52}},"13":{"start":{"line":18,"column":8},"end":{"line":18,"column":37}},"14":{"start":{"line":20,"column":8},"end":{"line":20,"column":53}},"15":{"start":{"line":24,"column":4},"end":{"line":29,"column":5}},"16":{"start":{"line":25,"column":27},"end":{"line":25,"column":54}},"17":{"start":{"line":26,"column":8},"end":{"line":26,"column":41}},"18":{"start":{"line":28,"column":8},"end":{"line":28,"column":53}},"19":{"start":{"line":31,"column":18},"end":{"line":38,"column":1}},"20":{"start":{"line":32,"column":4},"end":{"line":37,"column":5}},"21":{"start":{"line":33,"column":23},"end":{"line":33,"column":48}},"22":{"start":{"line":34,"column":8},"end":{"line":34,"column":25}},"23":{"start":{"line":36,"column":8},"end":{"line":36,"column":53}},"24":{"start":{"line":40,"column":13},"end":{"line":48,"column":1}},"25":{"start":{"line":41,"column":4},"end":{"line":47,"column":5}},"26":{"start":{"line":42,"column":19},"end":{"line":42,"column":42}},"27":{"start":{"line":43,"column":22},"end":{"line":43,"column":48}},"28":{"start":{"line":44,"column":8},"end":{"line":44,"column":24}},"29":{"start":{"line":46,"column":8},"end":{"line":46,"column":53}},"30":{"start":{"line":51,"column":4},"end":{"line":57,"column":5}},"31":{"start":{"line":52,"column":21},"end":{"line":52,"column":29}},"32":{"start":{"line":53,"column":23},"end":{"line":53,"column":47}},"33":{"start":{"line":54,"column":8},"end":{"line":54,"column":37}},"34":{"start":{"line":56,"column":8},"end":{"line":56,"column":53}},"35":{"start":{"line":61,"column":4},"end":{"line":69,"column":5}},"36":{"start":{"line":62,"column":19},"end":{"line":62,"column":42}},"37":{"start":{"line":63,"column":21},"end":{"line":63,"column":29}},"38":{"start":{"line":64,"column":22},"end":{"line":64,"column":48}},"39":{"start":{"line":65,"column":23},"end":{"line":65,"column":47}},"40":{"start":{"line":66,"column":8},"end":{"line":66,"column":37}},"41":{"start":{"line":68,"column":8},"end":{"line":68,"column":53}},"42":{"start":{"line":73,"column":4},"end":{"line":81,"column":5}},"43":{"start":{"line":74,"column":19},"end":{"line":74,"column":42}},"44":{"start":{"line":75,"column":21},"end":{"line":75,"column":29}},"45":{"start":{"line":76,"column":22},"end":{"line":76,"column":48}},"46":{"start":{"line":77,"column":23},"end":{"line":77,"column":52}},"47":{"start":{"line":78,"column":8},"end":{"line":78,"column":37}},"48":{"start":{"line":80,"column":8},"end":{"line":80,"column":53}},"49":{"start":{"line":85,"column":4},"end":{"line":92,"column":5}},"50":{"start":{"line":86,"column":19},"end":{"line":86,"column":42}},"51":{"start":{"line":87,"column":22},"end":{"line":87,"column":48}},"52":{"start":{"line":88,"column":23},"end":{"line":88,"column":44}},"53":{"start":{"line":89,"column":8},"end":{"line":89,"column":37}},"54":{"start":{"line":91,"column":8},"end":{"line":91,"column":53}},"55":{"start":{"line":95,"column":0},"end":{"line":105,"column":2}}},"fnMap":{"0":{"name":"(anonymous_0)","decl":{"start":{"line":3,"column":14},"end":{"line":3,"column":15}},"loc":{"start":{"line":3,"column":34},"end":{"line":10,"column":1}},"line":3},"1":{"name":"vote","decl":{"start":{"line":11,"column":15},"end":{"line":11,"column":19}},"loc":{"start":{"line":11,"column":30},"end":{"line":22,"column":1}},"line":11},"2":{"name":"indexUnapproved","decl":{"start":{"line":23,"column":15},"end":{"line":23,"column":30}},"loc":{"start":{"line":23,"column":41},"end":{"line":30,"column":1}},"line":23},"3":{"name":"(anonymous_3)","decl":{"start":{"line":31,"column":18},"end":{"line":31,"column":19}},"loc":{"start":{"line":31,"column":38},"end":{"line":38,"column":1}},"line":31},"4":{"name":"(anonymous_4)","decl":{"start":{"line":40,"column":13},"end":{"line":40,"column":14}},"loc":{"start":{"line":40,"column":33},"end":{"line":48,"column":1}},"line":40},"5":{"name":"create","decl":{"start":{"line":50,"column":15},"end":{"line":50,"column":21}},"loc":{"start":{"line":50,"column":32},"end":{"line":58,"column":1}},"line":50},"6":{"name":"update","decl":{"start":{"line":60,"column":15},"end":{"line":60,"column":21}},"loc":{"start":{"line":60,"column":32},"end":{"line":70,"column":1}},"line":60},"7":{"name":"updateVotes","decl":{"start":{"line":72,"column":15},"end":{"line":72,"column":26}},"loc":{"start":{"line":72,"column":37},"end":{"line":82,"column":1}},"line":72},"8":{"name":"destroy","decl":{"start":{"line":84,"column":15},"end":{"line":84,"column":22}},"loc":{"start":{"line":84,"column":33},"end":{"line":93,"column":1}},"line":84}},"branchMap":{"0":{"loc":{"start":{"line":15,"column":8},"end":{"line":15,"column":74}},"type":"if","locations":[{"start":{"line":15,"column":8},"end":{"line":15,"column":74}},{"start":{},"end":{}}],"line":15},"1":{"loc":{"start":{"line":15,"column":12},"end":{"line":15,"column":41}},"type":"binary-expr","locations":[{"start":{"line":15,"column":12},"end":{"line":15,"column":20}},{"start":{"line":15,"column":24},"end":{"line":15,"column":41}}],"line":15}},"s":{"0":1,"1":1,"2":0,"3":0,"4":0,"5":0,"6":0,"7":0,"8":0,"9":0,"10":0,"11":0,"12":0,"13":0,"14":0,"15":0,"16":0,"17":0,"18":0,"19":1,"20":0,"21":0,"22":0,"23":0,"24":1,"25":0,"26":0,"27":0,"28":0,"29":0,"30":0,"31":0,"32":0,"33":0,"34":0,"35":0,"36":0,"37":0,"38":0,"39":0,"40":0,"41":0,"42":0,"43":0,"44":0,"45":0,"46":0,"47":0,"48":0,"49":0,"50":0,"51":0,"52":0,"53":0,"54":0,"55":1},"f":{"0":0,"1":0,"2":0,"3":0,"4":0,"5":0,"6":0,"7":0,"8":0},"b":{"0":[0,0],"1":[0,0]},"_coverageSchema":"1a1c01bbd47fc00a2c39e90264f33305004495a9","hash":"e4eaeab38faf9b677e7bbfad23ae301cee9b43ad"}
,"C:\\Users\\j-j-m\\Desktop\\torvolds\\lap2\\project\\team-hip-hip\\backend\\controllers\\user.js": {"path":"C:\\Users\\j-j-m\\Desktop\\torvolds\\lap2\\project\\team-hip-hip\\backend\\controllers\\user.js","statementMap":{"0":{"start":{"line":1,"column":15},"end":{"line":1,"column":32}},"1":{"start":{"line":3,"column":13},"end":{"line":3,"column":38}},"2":{"start":{"line":4,"column":14},"end":{"line":4,"column":40}},"3":{"start":{"line":5,"column":18},"end":{"line":5,"column":48}},"4":{"start":{"line":8,"column":4},"end":{"line":16,"column":5}},"5":{"start":{"line":9,"column":21},"end":{"line":9,"column":29}},"6":{"start":{"line":10,"column":21},"end":{"line":10,"column":76}},"7":{"start":{"line":11,"column":8},"end":{"line":11,"column":69}},"8":{"start":{"line":12,"column":23},"end":{"line":12,"column":46}},"9":{"start":{"line":13,"column":8},"end":{"line":13,"column":37}},"10":{"start":{"line":15,"column":8},"end":{"line":15,"column":53}},"11":{"start":{"line":19,"column":4},"end":{"line":26,"column":5}},"12":{"start":{"line":20,"column":23},"end":{"line":20,"column":36}},"13":{"start":{"line":21,"column":8},"end":{"line":21,"column":50}},"14":{"start":{"line":21,"column":20},"end":{"line":21,"column":50}},"15":{"start":{"line":22,"column":23},"end":{"line":22,"column":63}},"16":{"start":{"line":23,"column":8},"end":{"line":23,"column":37}},"17":{"start":{"line":25,"column":8},"end":{"line":25,"column":53}},"18":{"start":{"line":30,"column":17},"end":{"line":30,"column":25}},"19":{"start":{"line":31,"column":4},"end":{"line":42,"column":5}},"20":{"start":{"line":32,"column":21},"end":{"line":32,"column":63}},"21":{"start":{"line":33,"column":30},"end":{"line":36,"column":9}},"22":{"start":{"line":37,"column":8},"end":{"line":37,"column":70}},"23":{"start":{"line":37,"column":28},"end":{"line":37,"column":70}},"24":{"start":{"line":38,"column":22},"end":{"line":38,"column":49}},"25":{"start":{"line":39,"column":8},"end":{"line":39,"column":95}},"26":{"start":{"line":41,"column":8},"end":{"line":41,"column":53}},"27":{"start":{"line":45,"column":17},"end":{"line":45,"column":25}},"28":{"start":{"line":46,"column":4},"end":{"line":53,"column":5}},"29":{"start":{"line":47,"column":22},"end":{"line":47,"column":59}},"30":{"start":{"line":48,"column":8},"end":{"line":48,"column":54}},"31":{"start":{"line":48,"column":20},"end":{"line":48,"column":54}},"32":{"start":{"line":49,"column":23},"end":{"line":49,"column":44}},"33":{"start":{"line":50,"column":8},"end":{"line":50,"column":37}},"34":{"start":{"line":52,"column":8},"end":{"line":52,"column":53}},"35":{"start":{"line":56,"column":20},"end":{"line":56,"column":33}},"36":{"start":{"line":57,"column":4},"end":{"line":63,"column":5}},"37":{"start":{"line":58,"column":22},"end":{"line":58,"column":56}},"38":{"start":{"line":59,"column":8},"end":{"line":59,"column":54}},"39":{"start":{"line":59,"column":20},"end":{"line":59,"column":54}},"40":{"start":{"line":60,"column":8},"end":{"line":60,"column":36}},"41":{"start":{"line":62,"column":8},"end":{"line":62,"column":53}},"42":{"start":{"line":66,"column":17},"end":{"line":66,"column":25}},"43":{"start":{"line":67,"column":4},"end":{"line":75,"column":5}},"44":{"start":{"line":68,"column":21},"end":{"line":68,"column":63}},"45":{"start":{"line":69,"column":31},"end":{"line":69,"column":70}},"46":{"start":{"line":70,"column":8},"end":{"line":70,"column":115}},"47":{"start":{"line":70,"column":70},"end":{"line":70,"column":115}},"48":{"start":{"line":71,"column":23},"end":{"line":71,"column":53}},"49":{"start":{"line":72,"column":8},"end":{"line":72,"column":37}},"50":{"start":{"line":74,"column":8},"end":{"line":74,"column":53}},"51":{"start":{"line":78,"column":0},"end":{"line":86,"column":2}}},"fnMap":{"0":{"name":"register","decl":{"start":{"line":7,"column":15},"end":{"line":7,"column":23}},"loc":{"start":{"line":7,"column":34},"end":{"line":17,"column":1}},"line":7},"1":{"name":"getUserName","decl":{"start":{"line":18,"column":15},"end":{"line":18,"column":26}},"loc":{"start":{"line":18,"column":37},"end":{"line":27,"column":1}},"line":18},"2":{"name":"login","decl":{"start":{"line":29,"column":15},"end":{"line":29,"column":20}},"loc":{"start":{"line":29,"column":31},"end":{"line":43,"column":1}},"line":29},"3":{"name":"logout","decl":{"start":{"line":44,"column":15},"end":{"line":44,"column":21}},"loc":{"start":{"line":44,"column":32},"end":{"line":54,"column":1}},"line":44},"4":{"name":"getUserNameFromToken","decl":{"start":{"line":55,"column":15},"end":{"line":55,"column":35}},"loc":{"start":{"line":55,"column":46},"end":{"line":64,"column":1}},"line":55},"5":{"name":"deleteComplaint","decl":{"start":{"line":65,"column":15},"end":{"line":65,"column":30}},"loc":{"start":{"line":65,"column":41},"end":{"line":76,"column":1}},"line":65}},"branchMap":{"0":{"loc":{"start":{"line":21,"column":8},"end":{"line":21,"column":50}},"type":"if","locations":[{"start":{"line":21,"column":8},"end":{"line":21,"column":50}},{"start":{},"end":{}}],"line":21},"1":{"loc":{"start":{"line":37,"column":8},"end":{"line":37,"column":70}},"type":"if","locations":[{"start":{"line":37,"column":8},"end":{"line":37,"column":70}},{"start":{},"end":{}}],"line":37},"2":{"loc":{"start":{"line":48,"column":8},"end":{"line":48,"column":54}},"type":"if","locations":[{"start":{"line":48,"column":8},"end":{"line":48,"column":54}},{"start":{},"end":{}}],"line":48},"3":{"loc":{"start":{"line":59,"column":8},"end":{"line":59,"column":54}},"type":"if","locations":[{"start":{"line":59,"column":8},"end":{"line":59,"column":54}},{"start":{},"end":{}}],"line":59},"4":{"loc":{"start":{"line":70,"column":8},"end":{"line":70,"column":115}},"type":"if","locations":[{"start":{"line":70,"column":8},"end":{"line":70,"column":115}},{"start":{},"end":{}}],"line":70},"5":{"loc":{"start":{"line":70,"column":12},"end":{"line":70,"column":68}},"type":"binary-expr","locations":[{"start":{"line":70,"column":12},"end":{"line":70,"column":31}},{"start":{"line":70,"column":35},"end":{"line":70,"column":68}}],"line":70}},"s":{"0":1,"1":1,"2":1,"3":1,"4":0,"5":0,"6":0,"7":0,"8":0,"9":0,"10":0,"11":0,"12":0,"13":0,"14":0,"15":0,"16":0,"17":0,"18":0,"19":0,"20":0,"21":0,"22":0,"23":0,"24":0,"25":0,"26":0,"27":0,"28":0,"29":0,"30":0,"31":0,"32":0,"33":0,"34":0,"35":0,"36":0,"37":0,"38":0,"39":0,"40":0,"41":0,"42":0,"43":0,"44":0,"45":0,"46":0,"47":0,"48":0,"49":0,"50":0,"51":1},"f":{"0":0,"1":0,"2":0,"3":0,"4":0,"5":0},"b":{"0":[0,0],"1":[0,0],"2":[0,0],"3":[0,0],"4":[0,0],"5":[0,0]},"_coverageSchema":"1a1c01bbd47fc00a2c39e90264f33305004495a9","hash":"9f4107ec402a08bf2855e6b819b4462c45ffbb6e"}
,"C:\\Users\\j-j-m\\Desktop\\torvolds\\lap2\\project\\team-hip-hip\\backend\\database\\connect.js": {"path":"C:\\Users\\j-j-m\\Desktop\\torvolds\\lap2\\project\\team-hip-hip\\backend\\database\\connect.js","statementMap":{"0":{"start":{"line":1,"column":17},"end":{"line":1,"column":30}},"1":{"start":{"line":3,"column":11},"end":{"line":5,"column":2}},"2":{"start":{"line":7,"column":0},"end":{"line":7,"column":42}},"3":{"start":{"line":9,"column":0},"end":{"line":9,"column":20}}},"fnMap":{},"branchMap":{},"s":{"0":1,"1":1,"2":1,"3":1},"f":{},"b":{},"_coverageSchema":"1a1c01bbd47fc00a2c39e90264f33305004495a9","hash":"9aef52f5e66e3bd065a13048bd22ae1b4151542f"}
,"C:\\Users\\j-j-m\\Desktop\\torvolds\\lap2\\project\\team-hip-hip\\backend\\middleware\\authenticator.js": {"path":"C:\\Users\\j-j-m\\Desktop\\torvolds\\lap2\\project\\team-hip-hip\\backend\\middleware\\authenticator.js","statementMap":{"0":{"start":{"line":1,"column":14},"end":{"line":1,"column":40}},"1":{"start":{"line":4,"column":4},"end":{"line":13,"column":5}},"2":{"start":{"line":5,"column":26},"end":{"line":5,"column":54}},"3":{"start":{"line":6,"column":8},"end":{"line":6,"column":67}},"4":{"start":{"line":6,"column":24},"end":{"line":6,"column":67}},"5":{"start":{"line":7,"column":27},"end":{"line":7,"column":63}},"6":{"start":{"line":8,"column":8},"end":{"line":8,"column":49}},"7":{"start":{"line":9,"column":8},"end":{"line":9,"column":30}},"8":{"start":{"line":10,"column":8},"end":{"line":10,"column":15}},"9":{"start":{"line":12,"column":8},"end":{"line":12,"column":53}},"10":{"start":{"line":16,"column":0},"end":{"line":16,"column":31}}},"fnMap":{"0":{"name":"authenticator","decl":{"start":{"line":3,"column":15},"end":{"line":3,"column":28}},"loc":{"start":{"line":3,"column":45},"end":{"line":14,"column":1}},"line":3}},"branchMap":{"0":{"loc":{"start":{"line":6,"column":8},"end":{"line":6,"column":67}},"type":"if","locations":[{"start":{"line":6,"column":8},"end":{"line":6,"column":67}},{"start":{},"end":{}}],"line":6}},"s":{"0":1,"1":0,"2":0,"3":0,"4":0,"5":0,"6":0,"7":0,"8":0,"9":0,"10":1},"f":{"0":0},"b":{"0":[0,0]},"_coverageSchema":"1a1c01bbd47fc00a2c39e90264f33305004495a9","hash":"8b7782bc376d96efee875d03b582e132d10d5cef"}
,"C:\\Users\\j-j-m\\Desktop\\torvolds\\lap2\\project\\team-hip-hip\\backend\\models\\Complaint.js": {"path":"C:\\Users\\j-j-m\\Desktop\\torvolds\\lap2\\project\\team-hip-hip\\backend\\models\\Complaint.js","statementMap":{"0":{"start":{"line":1,"column":11},"end":{"line":1,"column":41}},"1":{"start":{"line":15,"column":8},"end":{"line":15,"column":41}},"2":{"start":{"line":16,"column":8},"end":{"line":16,"column":31}},"3":{"start":{"line":17,"column":8},"end":{"line":17,"column":27}},"4":{"start":{"line":18,"column":8},"end":{"line":18,"column":31}},"5":{"start":{"line":19,"column":8},"end":{"line":19,"column":27}},"6":{"start":{"line":20,"column":8},"end":{"line":20,"column":43}},"7":{"start":{"line":21,"column":8},"end":{"line":21,"column":39}},"8":{"start":{"line":22,"column":8},"end":{"line":22,"column":33}},"9":{"start":{"line":23,"column":8},"end":{"line":23,"column":39}},"10":{"start":{"line":24,"column":8},"end":{"line":24,"column":43}},"11":{"start":{"line":28,"column":20},"end":{"line":28,"column":30}},"12":{"start":{"line":29,"column":26},"end":{"line":29,"column":74}},"13":{"start":{"line":30,"column":25},"end":{"line":33,"column":9}},"14":{"start":{"line":34,"column":8},"end":{"line":34,"column":47}},"15":{"start":{"line":37,"column":20},"end":{"line":37,"column":30}},"16":{"start":{"line":38,"column":26},"end":{"line":38,"column":74}},"17":{"start":{"line":39,"column":25},"end":{"line":42,"column":9}},"18":{"start":{"line":43,"column":8},"end":{"line":46,"column":14}},"19":{"start":{"line":44,"column":12},"end":{"line":46,"column":14}},"20":{"start":{"line":47,"column":8},"end":{"line":47,"column":47}},"21":{"start":{"line":51,"column":20},"end":{"line":51,"column":30}},"22":{"start":{"line":52,"column":26},"end":{"line":52,"column":74}},"23":{"start":{"line":53,"column":25},"end":{"line":56,"column":9}},"24":{"start":{"line":57,"column":8},"end":{"line":58,"column":74}},"25":{"start":{"line":58,"column":12},"end":{"line":58,"column":74}},"26":{"start":{"line":59,"column":8},"end":{"line":59,"column":47}},"27":{"start":{"line":63,"column":25},"end":{"line":66,"column":9}},"28":{"start":{"line":67,"column":8},"end":{"line":68,"column":55}},"29":{"start":{"line":68,"column":12},"end":{"line":68,"column":55}},"30":{"start":{"line":69,"column":8},"end":{"line":69,"column":47}},"31":{"start":{"line":72,"column":25},"end":{"line":75,"column":9}},"32":{"start":{"line":76,"column":8},"end":{"line":77,"column":59}},"33":{"start":{"line":77,"column":12},"end":{"line":77,"column":59}},"34":{"start":{"line":78,"column":8},"end":{"line":78,"column":47}},"35":{"start":{"line":82,"column":25},"end":{"line":82,"column":93}},"36":{"start":{"line":83,"column":8},"end":{"line":84,"column":62}},"37":{"start":{"line":84,"column":12},"end":{"line":84,"column":62}},"38":{"start":{"line":85,"column":8},"end":{"line":85,"column":58}},"39":{"start":{"line":85,"column":40},"end":{"line":85,"column":56}},"40":{"start":{"line":89,"column":25},"end":{"line":91,"column":9}},"41":{"start":{"line":92,"column":8},"end":{"line":93,"column":62}},"42":{"start":{"line":93,"column":12},"end":{"line":93,"column":62}},"43":{"start":{"line":94,"column":8},"end":{"line":94,"column":58}},"44":{"start":{"line":94,"column":40},"end":{"line":94,"column":56}},"45":{"start":{"line":97,"column":20},"end":{"line":97,"column":30}},"46":{"start":{"line":98,"column":26},"end":{"line":98,"column":74}},"47":{"start":{"line":99,"column":8},"end":{"line":99,"column":26}},"48":{"start":{"line":100,"column":25},"end":{"line":103,"column":9}},"49":{"start":{"line":104,"column":8},"end":{"line":105,"column":74}},"50":{"start":{"line":105,"column":12},"end":{"line":105,"column":74}},"51":{"start":{"line":106,"column":8},"end":{"line":106,"column":47}},"52":{"start":{"line":109,"column":25},"end":{"line":112,"column":9}},"53":{"start":{"line":113,"column":8},"end":{"line":113,"column":47}},"54":{"start":{"line":117,"column":0},"end":{"line":117,"column":27}}},"fnMap":{"0":{"name":"(anonymous_0)","decl":{"start":{"line":3,"column":4},"end":{"line":3,"column":5}},"loc":{"start":{"line":14,"column":7},"end":{"line":25,"column":5}},"line":14},"1":{"name":"(anonymous_1)","decl":{"start":{"line":27,"column":4},"end":{"line":27,"column":5}},"loc":{"start":{"line":27,"column":30},"end":{"line":35,"column":5}},"line":27},"2":{"name":"(anonymous_2)","decl":{"start":{"line":36,"column":4},"end":{"line":36,"column":5}},"loc":{"start":{"line":36,"column":31},"end":{"line":48,"column":5}},"line":36},"3":{"name":"(anonymous_3)","decl":{"start":{"line":50,"column":4},"end":{"line":50,"column":5}},"loc":{"start":{"line":50,"column":35},"end":{"line":60,"column":5}},"line":50},"4":{"name":"(anonymous_4)","decl":{"start":{"line":62,"column":4},"end":{"line":62,"column":5}},"loc":{"start":{"line":62,"column":20},"end":{"line":70,"column":5}},"line":62},"5":{"name":"(anonymous_5)","decl":{"start":{"line":71,"column":4},"end":{"line":71,"column":5}},"loc":{"start":{"line":71,"column":29},"end":{"line":79,"column":5}},"line":71},"6":{"name":"(anonymous_6)","decl":{"start":{"line":81,"column":4},"end":{"line":81,"column":5}},"loc":{"start":{"line":81,"column":26},"end":{"line":86,"column":5}},"line":81},"7":{"name":"(anonymous_7)","decl":{"start":{"line":85,"column":33},"end":{"line":85,"column":34}},"loc":{"start":{"line":85,"column":40},"end":{"line":85,"column":56}},"line":85},"8":{"name":"(anonymous_8)","decl":{"start":{"line":88,"column":4},"end":{"line":88,"column":5}},"loc":{"start":{"line":88,"column":33},"end":{"line":95,"column":5}},"line":88},"9":{"name":"(anonymous_9)","decl":{"start":{"line":94,"column":33},"end":{"line":94,"column":34}},"loc":{"start":{"line":94,"column":40},"end":{"line":94,"column":56}},"line":94},"10":{"name":"(anonymous_10)","decl":{"start":{"line":96,"column":4},"end":{"line":96,"column":5}},"loc":{"start":{"line":96,"column":31},"end":{"line":107,"column":5}},"line":96},"11":{"name":"(anonymous_11)","decl":{"start":{"line":108,"column":4},"end":{"line":108,"column":5}},"loc":{"start":{"line":108,"column":20},"end":{"line":114,"column":5}},"line":108}},"branchMap":{"0":{"loc":{"start":{"line":43,"column":8},"end":{"line":46,"column":14}},"type":"if","locations":[{"start":{"line":43,"column":8},"end":{"line":46,"column":14}},{"start":{},"end":{}}],"line":43},"1":{"loc":{"start":{"line":57,"column":8},"end":{"line":58,"column":74}},"type":"if","locations":[{"start":{"line":57,"column":8},"end":{"line":58,"column":74}},{"start":{},"end":{}}],"line":57},"2":{"loc":{"start":{"line":67,"column":8},"end":{"line":68,"column":55}},"type":"if","locations":[{"start":{"line":67,"column":8},"end":{"line":68,"column":55}},{"start":{},"end":{}}],"line":67},"3":{"loc":{"start":{"line":76,"column":8},"end":{"line":77,"column":59}},"type":"if","locations":[{"start":{"line":76,"column":8},"end":{"line":77,"column":59}},{"start":{},"end":{}}],"line":76},"4":{"loc":{"start":{"line":83,"column":8},"end":{"line":84,"column":62}},"type":"if","locations":[{"start":{"line":83,"column":8},"end":{"line":84,"column":62}},{"start":{},"end":{}}],"line":83},"5":{"loc":{"start":{"line":92,"column":8},"end":{"line":93,"column":62}},"type":"if","locations":[{"start":{"line":92,"column":8},"end":{"line":93,"column":62}},{"start":{},"end":{}}],"line":92},"6":{"loc":{"start":{"line":104,"column":8},"end":{"line":105,"column":74}},"type":"if","locations":[{"start":{"line":104,"column":8},"end":{"line":105,"column":74}},{"start":{},"end":{}}],"line":104}},"s":{"0":1,"1":0,"2":0,"3":0,"4":0,"5":0,"6":0,"7":0,"8":0,"9":0,"10":0,"11":0,"12":0,"13":0,"14":0,"15":0,"16":0,"17":0,"18":0,"19":0,"20":0,"21":0,"22":0,"23":0,"24":0,"25":0,"26":0,"27":0,"28":0,"29":0,"30":0,"31":0,"32":0,"33":0,"34":0,"35":0,"36":0,"37":0,"38":0,"39":0,"40":0,"41":0,"42":0,"43":0,"44":0,"45":0,"46":0,"47":0,"48":0,"49":0,"50":0,"51":0,"52":0,"53":0,"54":1},"f":{"0":0,"1":0,"2":0,"3":0,"4":0,"5":0,"6":0,"7":0,"8":0,"9":0,"10":0,"11":0},"b":{"0":[0,0],"1":[0,0],"2":[0,0],"3":[0,0],"4":[0,0],"5":[0,0],"6":[0,0]},"_coverageSchema":"1a1c01bbd47fc00a2c39e90264f33305004495a9","hash":"85d59394c1d3b53b871f828d23934fcd88e2076e"}
,"C:\\Users\\j-j-m\\Desktop\\torvolds\\lap2\\project\\team-hip-hip\\backend\\models\\Listing.js": {"path":"C:\\Users\\j-j-m\\Desktop\\torvolds\\lap2\\project\\team-hip-hip\\backend\\models\\Listing.js","statementMap":{"0":{"start":{"line":1,"column":11},"end":{"line":1,"column":41}},"1":{"start":{"line":14,"column":8},"end":{"line":14,"column":26}},"2":{"start":{"line":15,"column":8},"end":{"line":15,"column":27}},"3":{"start":{"line":16,"column":8},"end":{"line":16,"column":31}},"4":{"start":{"line":17,"column":8},"end":{"line":17,"column":27}},"5":{"start":{"line":18,"column":8},"end":{"line":18,"column":25}},"6":{"start":{"line":19,"column":8},"end":{"line":19,"column":35}},"7":{"start":{"line":20,"column":8},"end":{"line":20,"column":43}},"8":{"start":{"line":21,"column":8},"end":{"line":21,"column":39}},"9":{"start":{"line":22,"column":8},"end":{"line":22,"column":31}},"10":{"start":{"line":26,"column":25},"end":{"line":26,"column":66}},"11":{"start":{"line":27,"column":8},"end":{"line":28,"column":59}},"12":{"start":{"line":28,"column":12},"end":{"line":28,"column":59}},"13":{"start":{"line":29,"column":8},"end":{"line":29,"column":56}},"14":{"start":{"line":29,"column":40},"end":{"line":29,"column":54}},"15":{"start":{"line":33,"column":25},"end":{"line":35,"column":9}},"16":{"start":{"line":36,"column":8},"end":{"line":36,"column":80}},"17":{"start":{"line":36,"column":38},"end":{"line":36,"column":80}},"18":{"start":{"line":37,"column":8},"end":{"line":37,"column":45}},"19":{"start":{"line":41,"column":25},"end":{"line":44,"column":9}},"20":{"start":{"line":45,"column":8},"end":{"line":45,"column":80}},"21":{"start":{"line":45,"column":38},"end":{"line":45,"column":80}},"22":{"start":{"line":46,"column":8},"end":{"line":46,"column":45}},"23":{"start":{"line":50,"column":20},"end":{"line":50,"column":30}},"24":{"start":{"line":51,"column":26},"end":{"line":51,"column":74}},"25":{"start":{"line":52,"column":25},"end":{"line":55,"column":9}},"26":{"start":{"line":56,"column":8},"end":{"line":56,"column":45}},"27":{"start":{"line":60,"column":25},"end":{"line":63,"column":9}},"28":{"start":{"line":64,"column":8},"end":{"line":65,"column":55}},"29":{"start":{"line":65,"column":12},"end":{"line":65,"column":55}},"30":{"start":{"line":66,"column":8},"end":{"line":66,"column":45}},"31":{"start":{"line":70,"column":25},"end":{"line":73,"column":9}},"32":{"start":{"line":74,"column":8},"end":{"line":74,"column":45}},"33":{"start":{"line":78,"column":0},"end":{"line":78,"column":25}}},"fnMap":{"0":{"name":"(anonymous_0)","decl":{"start":{"line":3,"column":4},"end":{"line":3,"column":5}},"loc":{"start":{"line":13,"column":7},"end":{"line":23,"column":5}},"line":13},"1":{"name":"(anonymous_1)","decl":{"start":{"line":25,"column":4},"end":{"line":25,"column":5}},"loc":{"start":{"line":25,"column":26},"end":{"line":30,"column":5}},"line":25},"2":{"name":"(anonymous_2)","decl":{"start":{"line":29,"column":33},"end":{"line":29,"column":34}},"loc":{"start":{"line":29,"column":40},"end":{"line":29,"column":54}},"line":29},"3":{"name":"(anonymous_3)","decl":{"start":{"line":32,"column":4},"end":{"line":32,"column":5}},"loc":{"start":{"line":32,"column":31},"end":{"line":38,"column":5}},"line":32},"4":{"name":"(anonymous_4)","decl":{"start":{"line":40,"column":4},"end":{"line":40,"column":5}},"loc":{"start":{"line":40,"column":32},"end":{"line":47,"column":5}},"line":40},"5":{"name":"(anonymous_5)","decl":{"start":{"line":49,"column":4},"end":{"line":49,"column":5}},"loc":{"start":{"line":49,"column":30},"end":{"line":57,"column":5}},"line":49},"6":{"name":"(anonymous_6)","decl":{"start":{"line":59,"column":4},"end":{"line":59,"column":5}},"loc":{"start":{"line":59,"column":23},"end":{"line":67,"column":5}},"line":59},"7":{"name":"(anonymous_7)","decl":{"start":{"line":69,"column":4},"end":{"line":69,"column":5}},"loc":{"start":{"line":69,"column":20},"end":{"line":75,"column":5}},"line":69}},"branchMap":{"0":{"loc":{"start":{"line":27,"column":8},"end":{"line":28,"column":59}},"type":"if","locations":[{"start":{"line":27,"column":8},"end":{"line":28,"column":59}},{"start":{},"end":{}}],"line":27},"1":{"loc":{"start":{"line":36,"column":8},"end":{"line":36,"column":80}},"type":"if","locations":[{"start":{"line":36,"column":8},"end":{"line":36,"column":80}},{"start":{},"end":{}}],"line":36},"2":{"loc":{"start":{"line":45,"column":8},"end":{"line":45,"column":80}},"type":"if","locations":[{"start":{"line":45,"column":8},"end":{"line":45,"column":80}},{"start":{},"end":{}}],"line":45},"3":{"loc":{"start":{"line":64,"column":8},"end":{"line":65,"column":55}},"type":"if","locations":[{"start":{"line":64,"column":8},"end":{"line":65,"column":55}},{"start":{},"end":{}}],"line":64}},"s":{"0":1,"1":0,"2":0,"3":0,"4":0,"5":0,"6":0,"7":0,"8":0,"9":0,"10":0,"11":0,"12":0,"13":0,"14":0,"15":0,"16":0,"17":0,"18":0,"19":0,"20":0,"21":0,"22":0,"23":0,"24":0,"25":0,"26":0,"27":0,"28":0,"29":0,"30":0,"31":0,"32":0,"33":1},"f":{"0":0,"1":0,"2":0,"3":0,"4":0,"5":0,"6":0,"7":0},"b":{"0":[0,0],"1":[0,0],"2":[0,0],"3":[0,0]},"_coverageSchema":"1a1c01bbd47fc00a2c39e90264f33305004495a9","hash":"464da6994a1bd0a9620aa9729fd41b7ee74eb599"}
,"C:\\Users\\j-j-m\\Desktop\\torvolds\\lap2\\project\\team-hip-hip\\backend\\models\\Post.js": {"path":"C:\\Users\\j-j-m\\Desktop\\torvolds\\lap2\\project\\team-hip-hip\\backend\\models\\Post.js","statementMap":{"0":{"start":{"line":1,"column":11},"end":{"line":1,"column":41}},"1":{"start":{"line":14,"column":8},"end":{"line":14,"column":26}},"2":{"start":{"line":15,"column":8},"end":{"line":15,"column":31}},"3":{"start":{"line":16,"column":8},"end":{"line":16,"column":27}},"4":{"start":{"line":17,"column":8},"end":{"line":17,"column":31}},"5":{"start":{"line":18,"column":8},"end":{"line":18,"column":27}},"6":{"start":{"line":19,"column":8},"end":{"line":19,"column":43}},"7":{"start":{"line":20,"column":8},"end":{"line":20,"column":39}},"8":{"start":{"line":21,"column":8},"end":{"line":21,"column":33}},"9":{"start":{"line":25,"column":25},"end":{"line":25,"column":63}},"10":{"start":{"line":26,"column":8},"end":{"line":27,"column":57}},"11":{"start":{"line":27,"column":12},"end":{"line":27,"column":57}},"12":{"start":{"line":28,"column":8},"end":{"line":28,"column":53}},"13":{"start":{"line":28,"column":40},"end":{"line":28,"column":51}},"14":{"start":{"line":32,"column":25},"end":{"line":34,"column":9}},"15":{"start":{"line":35,"column":8},"end":{"line":35,"column":81}},"16":{"start":{"line":35,"column":38},"end":{"line":35,"column":81}},"17":{"start":{"line":36,"column":8},"end":{"line":36,"column":53}},"18":{"start":{"line":36,"column":40},"end":{"line":36,"column":51}},"19":{"start":{"line":40,"column":25},"end":{"line":42,"column":9}},"20":{"start":{"line":43,"column":8},"end":{"line":44,"column":55}},"21":{"start":{"line":44,"column":12},"end":{"line":44,"column":55}},"22":{"start":{"line":45,"column":8},"end":{"line":45,"column":53}},"23":{"start":{"line":45,"column":40},"end":{"line":45,"column":51}},"24":{"start":{"line":49,"column":25},"end":{"line":49,"column":69}},"25":{"start":{"line":50,"column":8},"end":{"line":51,"column":63}},"26":{"start":{"line":51,"column":12},"end":{"line":51,"column":63}},"27":{"start":{"line":52,"column":8},"end":{"line":52,"column":53}},"28":{"start":{"line":52,"column":40},"end":{"line":52,"column":51}},"29":{"start":{"line":56,"column":25},"end":{"line":58,"column":9}},"30":{"start":{"line":59,"column":8},"end":{"line":60,"column":61}},"31":{"start":{"line":60,"column":12},"end":{"line":60,"column":61}},"32":{"start":{"line":61,"column":8},"end":{"line":61,"column":53}},"33":{"start":{"line":61,"column":40},"end":{"line":61,"column":51}},"34":{"start":{"line":65,"column":25},"end":{"line":67,"column":9}},"35":{"start":{"line":68,"column":8},"end":{"line":69,"column":61}},"36":{"start":{"line":69,"column":12},"end":{"line":69,"column":61}},"37":{"start":{"line":70,"column":8},"end":{"line":70,"column":53}},"38":{"start":{"line":70,"column":40},"end":{"line":70,"column":51}},"39":{"start":{"line":74,"column":25},"end":{"line":77,"column":9}},"40":{"start":{"line":78,"column":8},"end":{"line":79,"column":54}},"41":{"start":{"line":79,"column":12},"end":{"line":79,"column":54}},"42":{"start":{"line":80,"column":8},"end":{"line":80,"column":42}},"43":{"start":{"line":83,"column":25},"end":{"line":86,"column":9}},"44":{"start":{"line":87,"column":8},"end":{"line":87,"column":20}},"45":{"start":{"line":90,"column":25},"end":{"line":93,"column":9}},"46":{"start":{"line":94,"column":8},"end":{"line":95,"column":54}},"47":{"start":{"line":95,"column":12},"end":{"line":95,"column":54}},"48":{"start":{"line":96,"column":8},"end":{"line":96,"column":53}},"49":{"start":{"line":96,"column":40},"end":{"line":96,"column":51}},"50":{"start":{"line":100,"column":8},"end":{"line":100,"column":41}},"51":{"start":{"line":101,"column":20},"end":{"line":101,"column":30}},"52":{"start":{"line":102,"column":26},"end":{"line":102,"column":74}},"53":{"start":{"line":103,"column":25},"end":{"line":113,"column":9}},"54":{"start":{"line":114,"column":8},"end":{"line":114,"column":42}},"55":{"start":{"line":118,"column":20},"end":{"line":118,"column":30}},"56":{"start":{"line":119,"column":26},"end":{"line":119,"column":74}},"57":{"start":{"line":120,"column":25},"end":{"line":123,"column":9}},"58":{"start":{"line":124,"column":8},"end":{"line":126,"column":9}},"59":{"start":{"line":125,"column":12},"end":{"line":125,"column":54}},"60":{"start":{"line":127,"column":8},"end":{"line":127,"column":42}},"61":{"start":{"line":131,"column":25},"end":{"line":134,"column":9}},"62":{"start":{"line":135,"column":8},"end":{"line":136,"column":55}},"63":{"start":{"line":136,"column":12},"end":{"line":136,"column":55}},"64":{"start":{"line":137,"column":8},"end":{"line":137,"column":42}},"65":{"start":{"line":141,"column":25},"end":{"line":144,"column":9}},"66":{"start":{"line":145,"column":8},"end":{"line":145,"column":42}},"67":{"start":{"line":149,"column":0},"end":{"line":149,"column":22}}},"fnMap":{"0":{"name":"(anonymous_0)","decl":{"start":{"line":4,"column":4},"end":{"line":4,"column":5}},"loc":{"start":{"line":13,"column":7},"end":{"line":22,"column":5}},"line":13},"1":{"name":"(anonymous_1)","decl":{"start":{"line":24,"column":4},"end":{"line":24,"column":5}},"loc":{"start":{"line":24,"column":26},"end":{"line":29,"column":5}},"line":24},"2":{"name":"(anonymous_2)","decl":{"start":{"line":28,"column":33},"end":{"line":28,"column":34}},"loc":{"start":{"line":28,"column":40},"end":{"line":28,"column":51}},"line":28},"3":{"name":"(anonymous_3)","decl":{"start":{"line":31,"column":4},"end":{"line":31,"column":5}},"loc":{"start":{"line":31,"column":31},"end":{"line":37,"column":5}},"line":31},"4":{"name":"(anonymous_4)","decl":{"start":{"line":36,"column":33},"end":{"line":36,"column":34}},"loc":{"start":{"line":36,"column":40},"end":{"line":36,"column":51}},"line":36},"5":{"name":"(anonymous_5)","decl":{"start":{"line":39,"column":4},"end":{"line":39,"column":5}},"loc":{"start":{"line":39,"column":30},"end":{"line":46,"column":5}},"line":39},"6":{"name":"(anonymous_6)","decl":{"start":{"line":45,"column":33},"end":{"line":45,"column":34}},"loc":{"start":{"line":45,"column":40},"end":{"line":45,"column":51}},"line":45},"7":{"name":"(anonymous_7)","decl":{"start":{"line":48,"column":4},"end":{"line":48,"column":5}},"loc":{"start":{"line":48,"column":44},"end":{"line":53,"column":5}},"line":48},"8":{"name":"(anonymous_8)","decl":{"start":{"line":52,"column":33},"end":{"line":52,"column":34}},"loc":{"start":{"line":52,"column":40},"end":{"line":52,"column":51}},"line":52},"9":{"name":"(anonymous_9)","decl":{"start":{"line":55,"column":4},"end":{"line":55,"column":5}},"loc":{"start":{"line":55,"column":52},"end":{"line":62,"column":5}},"line":55},"10":{"name":"(anonymous_10)","decl":{"start":{"line":61,"column":33},"end":{"line":61,"column":34}},"loc":{"start":{"line":61,"column":40},"end":{"line":61,"column":51}},"line":61},"11":{"name":"(anonymous_11)","decl":{"start":{"line":64,"column":4},"end":{"line":64,"column":5}},"loc":{"start":{"line":64,"column":51},"end":{"line":71,"column":9}},"line":64},"12":{"name":"(anonymous_12)","decl":{"start":{"line":70,"column":33},"end":{"line":70,"column":34}},"loc":{"start":{"line":70,"column":40},"end":{"line":70,"column":51}},"line":70},"13":{"name":"(anonymous_13)","decl":{"start":{"line":73,"column":4},"end":{"line":73,"column":5}},"loc":{"start":{"line":73,"column":32},"end":{"line":81,"column":5}},"line":73},"14":{"name":"(anonymous_14)","decl":{"start":{"line":82,"column":4},"end":{"line":82,"column":5}},"loc":{"start":{"line":82,"column":45},"end":{"line":88,"column":5}},"line":82},"15":{"name":"(anonymous_15)","decl":{"start":{"line":89,"column":4},"end":{"line":89,"column":5}},"loc":{"start":{"line":89,"column":43},"end":{"line":97,"column":5}},"line":89},"16":{"name":"(anonymous_16)","decl":{"start":{"line":96,"column":33},"end":{"line":96,"column":34}},"loc":{"start":{"line":96,"column":40},"end":{"line":96,"column":51}},"line":96},"17":{"name":"(anonymous_17)","decl":{"start":{"line":99,"column":4},"end":{"line":99,"column":5}},"loc":{"start":{"line":99,"column":30},"end":{"line":115,"column":5}},"line":99},"18":{"name":"(anonymous_18)","decl":{"start":{"line":117,"column":4},"end":{"line":117,"column":5}},"loc":{"start":{"line":117,"column":23},"end":{"line":128,"column":5}},"line":117},"19":{"name":"(anonymous_19)","decl":{"start":{"line":130,"column":4},"end":{"line":130,"column":5}},"loc":{"start":{"line":130,"column":28},"end":{"line":138,"column":5}},"line":130},"20":{"name":"(anonymous_20)","decl":{"start":{"line":140,"column":4},"end":{"line":140,"column":5}},"loc":{"start":{"line":140,"column":20},"end":{"line":146,"column":5}},"line":140}},"branchMap":{"0":{"loc":{"start":{"line":26,"column":8},"end":{"line":27,"column":57}},"type":"if","locations":[{"start":{"line":26,"column":8},"end":{"line":27,"column":57}},{"start":{},"end":{}}],"line":26},"1":{"loc":{"start":{"line":35,"column":8},"end":{"line":35,"column":81}},"type":"if","locations":[{"start":{"line":35,"column":8},"end":{"line":35,"column":81}},{"start":{},"end":{}}],"line":35},"2":{"loc":{"start":{"line":43,"column":8},"end":{"line":44,"column":55}},"type":"if","locations":[{"start":{"line":43,"column":8},"end":{"line":44,"column":55}},{"start":{},"end":{}}],"line":43},"3":{"loc":{"start":{"line":50,"column":8},"end":{"line":51,"column":63}},"type":"if","locations":[{"start":{"line":50,"column":8},"end":{"line":51,"column":63}},{"start":{},"end":{}}],"line":50},"4":{"loc":{"start":{"line":59,"column":8},"end":{"line":60,"column":61}},"type":"if","locations":[{"start":{"line":59,"column":8},"end":{"line":60,"column":61}},{"start":{},"end":{}}],"line":59},"5":{"loc":{"start":{"line":68,"column":8},"end":{"line":69,"column":61}},"type":"if","locations":[{"start":{"line":68,"column":8},"end":{"line":69,"column":61}},{"start":{},"end":{}}],"line":68},"6":{"loc":{"start":{"line":78,"column":8},"end":{"line":79,"column":54}},"type":"if","locations":[{"start":{"line":78,"column":8},"end":{"line":79,"column":54}},{"start":{},"end":{}}],"line":78},"7":{"loc":{"start":{"line":94,"column":8},"end":{"line":95,"column":54}},"type":"if","locations":[{"start":{"line":94,"column":8},"end":{"line":95,"column":54}},{"start":{},"end":{}}],"line":94},"8":{"loc":{"start":{"line":100,"column":23},"end":{"line":100,"column":40}},"type":"binary-expr","locations":[{"start":{"line":100,"column":23},"end":{"line":100,"column":35}},{"start":{"line":100,"column":39},"end":{"line":100,"column":40}}],"line":100},"9":{"loc":{"start":{"line":124,"column":8},"end":{"line":126,"column":9}},"type":"if","locations":[{"start":{"line":124,"column":8},"end":{"line":126,"column":9}},{"start":{},"end":{}}],"line":124},"10":{"loc":{"start":{"line":135,"column":8},"end":{"line":136,"column":55}},"type":"if","locations":[{"start":{"line":135,"column":8},"end":{"line":136,"column":55}},{"start":{},"end":{}}],"line":135}},"s":{"0":1,"1":0,"2":0,"3":0,"4":0,"5":0,"6":0,"7":0,"8":0,"9":0,"10":0,"11":0,"12":0,"13":0,"14":0,"15":0,"16":0,"17":0,"18":0,"19":0,"20":0,"21":0,"22":0,"23":0,"24":0,"25":0,"26":0,"27":0,"28":0,"29":0,"30":0,"31":0,"32":0,"33":0,"34":0,"35":0,"36":0,"37":0,"38":0,"39":0,"40":0,"41":0,"42":0,"43":0,"44":0,"45":0,"46":0,"47":0,"48":0,"49":0,"50":0,"51":0,"52":0,"53":0,"54":0,"55":0,"56":0,"57":0,"58":0,"59":0,"60":0,"61":0,"62":0,"63":0,"64":0,"65":0,"66":0,"67":1},"f":{"0":0,"1":0,"2":0,"3":0,"4":0,"5":0,"6":0,"7":0,"8":0,"9":0,"10":0,"11":0,"12":0,"13":0,"14":0,"15":0,"16":0,"17":0,"18":0,"19":0,"20":0},"b":{"0":[0,0],"1":[0,0],"2":[0,0],"3":[0,0],"4":[0,0],"5":[0,0],"6":[0,0],"7":[0,0],"8":[0,0],"9":[0,0],"10":[0,0]},"_coverageSchema":"1a1c01bbd47fc00a2c39e90264f33305004495a9","hash":"323dfff5858cca3e619f47200fb481c4cbdb6f06"}
,"C:\\Users\\j-j-m\\Desktop\\torvolds\\lap2\\project\\team-hip-hip\\backend\\models\\Skills.js": {"path":"C:\\Users\\j-j-m\\Desktop\\torvolds\\lap2\\project\\team-hip-hip\\backend\\models\\Skills.js","statementMap":{"0":{"start":{"line":1,"column":11},"end":{"line":1,"column":41}},"1":{"start":{"line":13,"column":8},"end":{"line":13,"column":26}},"2":{"start":{"line":14,"column":8},"end":{"line":14,"column":31}},"3":{"start":{"line":15,"column":8},"end":{"line":15,"column":27}},"4":{"start":{"line":16,"column":8},"end":{"line":16,"column":31}},"5":{"start":{"line":17,"column":8},"end":{"line":17,"column":35}},"6":{"start":{"line":18,"column":8},"end":{"line":18,"column":27}},"7":{"start":{"line":19,"column":8},"end":{"line":19,"column":43}},"8":{"start":{"line":23,"column":25},"end":{"line":25,"column":9}},"9":{"start":{"line":26,"column":8},"end":{"line":26,"column":85}},"10":{"start":{"line":26,"column":39},"end":{"line":26,"column":85}},"11":{"start":{"line":27,"column":8},"end":{"line":27,"column":54}},"12":{"start":{"line":27,"column":40},"end":{"line":27,"column":52}},"13":{"start":{"line":31,"column":25},"end":{"line":33,"column":9}},"14":{"start":{"line":34,"column":8},"end":{"line":34,"column":82}},"15":{"start":{"line":34,"column":38},"end":{"line":34,"column":82}},"16":{"start":{"line":35,"column":8},"end":{"line":35,"column":54}},"17":{"start":{"line":35,"column":40},"end":{"line":35,"column":52}},"18":{"start":{"line":39,"column":25},"end":{"line":41,"column":9}},"19":{"start":{"line":42,"column":8},"end":{"line":42,"column":82}},"20":{"start":{"line":42,"column":38},"end":{"line":42,"column":82}},"21":{"start":{"line":43,"column":8},"end":{"line":43,"column":54}},"22":{"start":{"line":43,"column":40},"end":{"line":43,"column":52}},"23":{"start":{"line":47,"column":25},"end":{"line":50,"column":9}},"24":{"start":{"line":51,"column":8},"end":{"line":52,"column":55}},"25":{"start":{"line":52,"column":12},"end":{"line":52,"column":55}},"26":{"start":{"line":53,"column":8},"end":{"line":53,"column":43}},"27":{"start":{"line":57,"column":20},"end":{"line":57,"column":30}},"28":{"start":{"line":58,"column":26},"end":{"line":58,"column":74}},"29":{"start":{"line":59,"column":25},"end":{"line":62,"column":9}},"30":{"start":{"line":63,"column":8},"end":{"line":63,"column":43}},"31":{"start":{"line":67,"column":25},"end":{"line":70,"column":9}},"32":{"start":{"line":71,"column":8},"end":{"line":72,"column":55}},"33":{"start":{"line":72,"column":12},"end":{"line":72,"column":55}},"34":{"start":{"line":73,"column":8},"end":{"line":73,"column":44}},"35":{"start":{"line":77,"column":25},"end":{"line":80,"column":9}},"36":{"start":{"line":81,"column":8},"end":{"line":82,"column":55}},"37":{"start":{"line":82,"column":12},"end":{"line":82,"column":55}},"38":{"start":{"line":83,"column":8},"end":{"line":83,"column":43}},"39":{"start":{"line":86,"column":25},"end":{"line":88,"column":9}},"40":{"start":{"line":89,"column":8},"end":{"line":90,"column":62}},"41":{"start":{"line":90,"column":12},"end":{"line":90,"column":62}},"42":{"start":{"line":91,"column":8},"end":{"line":91,"column":58}},"43":{"start":{"line":91,"column":40},"end":{"line":91,"column":56}},"44":{"start":{"line":94,"column":25},"end":{"line":97,"column":9}},"45":{"start":{"line":98,"column":8},"end":{"line":98,"column":43}},"46":{"start":{"line":102,"column":0},"end":{"line":102,"column":23}}},"fnMap":{"0":{"name":"(anonymous_0)","decl":{"start":{"line":4,"column":4},"end":{"line":4,"column":5}},"loc":{"start":{"line":12,"column":7},"end":{"line":20,"column":5}},"line":12},"1":{"name":"(anonymous_1)","decl":{"start":{"line":22,"column":4},"end":{"line":22,"column":5}},"loc":{"start":{"line":22,"column":26},"end":{"line":28,"column":5}},"line":22},"2":{"name":"(anonymous_2)","decl":{"start":{"line":27,"column":33},"end":{"line":27,"column":34}},"loc":{"start":{"line":27,"column":40},"end":{"line":27,"column":52}},"line":27},"3":{"name":"(anonymous_3)","decl":{"start":{"line":30,"column":4},"end":{"line":30,"column":5}},"loc":{"start":{"line":30,"column":31},"end":{"line":36,"column":5}},"line":30},"4":{"name":"(anonymous_4)","decl":{"start":{"line":35,"column":33},"end":{"line":35,"column":34}},"loc":{"start":{"line":35,"column":40},"end":{"line":35,"column":52}},"line":35},"5":{"name":"(anonymous_5)","decl":{"start":{"line":38,"column":4},"end":{"line":38,"column":5}},"loc":{"start":{"line":38,"column":28},"end":{"line":44,"column":5}},"line":38},"6":{"name":"(anonymous_6)","decl":{"start":{"line":43,"column":33},"end":{"line":43,"column":34}},"loc":{"start":{"line":43,"column":40},"end":{"line":43,"column":52}},"line":43},"7":{"name":"(anonymous_7)","decl":{"start":{"line":46,"column":4},"end":{"line":46,"column":5}},"loc":{"start":{"line":46,"column":32},"end":{"line":54,"column":5}},"line":46},"8":{"name":"(anonymous_8)","decl":{"start":{"line":56,"column":4},"end":{"line":56,"column":5}},"loc":{"start":{"line":56,"column":30},"end":{"line":64,"column":5}},"line":56},"9":{"name":"(anonymous_9)","decl":{"start":{"line":66,"column":4},"end":{"line":66,"column":5}},"loc":{"start":{"line":66,"column":23},"end":{"line":74,"column":5}},"line":66},"10":{"name":"(anonymous_10)","decl":{"start":{"line":76,"column":4},"end":{"line":76,"column":5}},"loc":{"start":{"line":76,"column":28},"end":{"line":84,"column":5}},"line":76},"11":{"name":"(anonymous_11)","decl":{"start":{"line":85,"column":4},"end":{"line":85,"column":5}},"loc":{"start":{"line":85,"column":33},"end":{"line":92,"column":5}},"line":85},"12":{"name":"(anonymous_12)","decl":{"start":{"line":91,"column":33},"end":{"line":91,"column":34}},"loc":{"start":{"line":91,"column":40},"end":{"line":91,"column":56}},"line":91},"13":{"name":"(anonymous_13)","decl":{"start":{"line":93,"column":4},"end":{"line":93,"column":5}},"loc":{"start":{"line":93,"column":20},"end":{"line":99,"column":5}},"line":93}},"branchMap":{"0":{"loc":{"start":{"line":26,"column":8},"end":{"line":26,"column":85}},"type":"if","locations":[{"start":{"line":26,"column":8},"end":{"line":26,"column":85}},{"start":{},"end":{}}],"line":26},"1":{"loc":{"start":{"line":34,"column":8},"end":{"line":34,"column":82}},"type":"if","locations":[{"start":{"line":34,"column":8},"end":{"line":34,"column":82}},{"start":{},"end":{}}],"line":34},"2":{"loc":{"start":{"line":42,"column":8},"end":{"line":42,"column":82}},"type":"if","locations":[{"start":{"line":42,"column":8},"end":{"line":42,"column":82}},{"start":{},"end":{}}],"line":42},"3":{"loc":{"start":{"line":51,"column":8},"end":{"line":52,"column":55}},"type":"if","locations":[{"start":{"line":51,"column":8},"end":{"line":52,"column":55}},{"start":{},"end":{}}],"line":51},"4":{"loc":{"start":{"line":71,"column":8},"end":{"line":72,"column":55}},"type":"if","locations":[{"start":{"line":71,"column":8},"end":{"line":72,"column":55}},{"start":{},"end":{}}],"line":71},"5":{"loc":{"start":{"line":81,"column":8},"end":{"line":82,"column":55}},"type":"if","locations":[{"start":{"line":81,"column":8},"end":{"line":82,"column":55}},{"start":{},"end":{}}],"line":81},"6":{"loc":{"start":{"line":89,"column":8},"end":{"line":90,"column":62}},"type":"if","locations":[{"start":{"line":89,"column":8},"end":{"line":90,"column":62}},{"start":{},"end":{}}],"line":89}},"s":{"0":1,"1":0,"2":0,"3":0,"4":0,"5":0,"6":0,"7":0,"8":0,"9":0,"10":0,"11":0,"12":0,"13":0,"14":0,"15":0,"16":0,"17":0,"18":0,"19":0,"20":0,"21":0,"22":0,"23":0,"24":0,"25":0,"26":0,"27":0,"28":0,"29":0,"30":0,"31":0,"32":0,"33":0,"34":0,"35":0,"36":0,"37":0,"38":0,"39":0,"40":0,"41":0,"42":0,"43":0,"44":0,"45":0,"46":1},"f":{"0":0,"1":0,"2":0,"3":0,"4":0,"5":0,"6":0,"7":0,"8":0,"9":0,"10":0,"11":0,"12":0,"13":0},"b":{"0":[0,0],"1":[0,0],"2":[0,0],"3":[0,0],"4":[0,0],"5":[0,0],"6":[0,0]},"_coverageSchema":"1a1c01bbd47fc00a2c39e90264f33305004495a9","hash":"9b83f7639f8559ba84a998b1e2e68ac5885c3545"}
,"C:\\Users\\j-j-m\\Desktop\\torvolds\\lap2\\project\\team-hip-hip\\backend\\models\\Token.js": {"path":"C:\\Users\\j-j-m\\Desktop\\torvolds\\lap2\\project\\team-hip-hip\\backend\\models\\Token.js","statementMap":{"0":{"start":{"line":1,"column":23},"end":{"line":1,"column":38}},"1":{"start":{"line":3,"column":11},"end":{"line":3,"column":41}},"2":{"start":{"line":7,"column":8},"end":{"line":7,"column":33}},"3":{"start":{"line":8,"column":8},"end":{"line":8,"column":31}},"4":{"start":{"line":9,"column":8},"end":{"line":9,"column":27}},"5":{"start":{"line":13,"column":22},"end":{"line":13,"column":30}},"6":{"start":{"line":14,"column":25},"end":{"line":17,"column":9}},"7":{"start":{"line":18,"column":22},"end":{"line":18,"column":47}},"8":{"start":{"line":19,"column":25},"end":{"line":19,"column":54}},"9":{"start":{"line":20,"column":8},"end":{"line":20,"column":24}},"10":{"start":{"line":24,"column":25},"end":{"line":27,"column":9}},"11":{"start":{"line":28,"column":8},"end":{"line":32,"column":9}},"12":{"start":{"line":29,"column":12},"end":{"line":29,"column":55}},"13":{"start":{"line":31,"column":12},"end":{"line":31,"column":47}},"14":{"start":{"line":36,"column":25},"end":{"line":39,"column":9}},"15":{"start":{"line":40,"column":8},"end":{"line":41,"column":55}},"16":{"start":{"line":41,"column":12},"end":{"line":41,"column":55}},"17":{"start":{"line":42,"column":8},"end":{"line":42,"column":43}},"18":{"start":{"line":46,"column":25},"end":{"line":49,"column":9}},"19":{"start":{"line":50,"column":8},"end":{"line":50,"column":78}},"20":{"start":{"line":50,"column":35},"end":{"line":50,"column":78}},"21":{"start":{"line":51,"column":8},"end":{"line":51,"column":24}},"22":{"start":{"line":55,"column":0},"end":{"line":55,"column":23}}},"fnMap":{"0":{"name":"(anonymous_0)","decl":{"start":{"line":6,"column":4},"end":{"line":6,"column":5}},"loc":{"start":{"line":6,"column":46},"end":{"line":10,"column":5}},"line":6},"1":{"name":"(anonymous_1)","decl":{"start":{"line":12,"column":4},"end":{"line":12,"column":5}},"loc":{"start":{"line":12,"column":33},"end":{"line":21,"column":5}},"line":12},"2":{"name":"(anonymous_2)","decl":{"start":{"line":23,"column":4},"end":{"line":23,"column":5}},"loc":{"start":{"line":23,"column":32},"end":{"line":33,"column":5}},"line":23},"3":{"name":"(anonymous_3)","decl":{"start":{"line":35,"column":4},"end":{"line":35,"column":5}},"loc":{"start":{"line":35,"column":38},"end":{"line":43,"column":5}},"line":35},"4":{"name":"(anonymous_4)","decl":{"start":{"line":45,"column":4},"end":{"line":45,"column":5}},"loc":{"start":{"line":45,"column":20},"end":{"line":52,"column":5}},"line":45}},"branchMap":{"0":{"loc":{"start":{"line":28,"column":8},"end":{"line":32,"column":9}},"type":"if","locations":[{"start":{"line":28,"column":8},"end":{"line":32,"column":9}},{"start":{"line":30,"column":15},"end":{"line":32,"column":9}}],"line":28},"1":{"loc":{"start":{"line":40,"column":8},"end":{"line":41,"column":55}},"type":"if","locations":[{"start":{"line":40,"column":8},"end":{"line":41,"column":55}},{"start":{},"end":{}}],"line":40},"2":{"loc":{"start":{"line":50,"column":8},"end":{"line":50,"column":78}},"type":"if","locations":[{"start":{"line":50,"column":8},"end":{"line":50,"column":78}},{"start":{},"end":{}}],"line":50}},"s":{"0":1,"1":1,"2":1,"3":1,"4":1,"5":1,"6":1,"7":1,"8":1,"9":1,"10":1,"11":1,"12":0,"13":1,"14":0,"15":0,"16":0,"17":0,"18":0,"19":0,"20":0,"21":0,"22":1},"f":{"0":1,"1":1,"2":1,"3":0,"4":0},"b":{"0":[0,1],"1":[0,0],"2":[0,0]},"_coverageSchema":"1a1c01bbd47fc00a2c39e90264f33305004495a9","hash":"df04492f489a401854f516c5127de1eeb8375d33"}
,"C:\\Users\\j-j-m\\Desktop\\torvolds\\lap2\\project\\team-hip-hip\\backend\\models\\User.js": {"path":"C:\\Users\\j-j-m\\Desktop\\torvolds\\lap2\\project\\team-hip-hip\\backend\\models\\User.js","statementMap":{"0":{"start":{"line":1,"column":11},"end":{"line":1,"column":41}},"1":{"start":{"line":5,"column":8},"end":{"line":5,"column":26}},"2":{"start":{"line":6,"column":8},"end":{"line":6,"column":33}},"3":{"start":{"line":7,"column":8},"end":{"line":7,"column":33}},"4":{"start":{"line":8,"column":8},"end":{"line":8,"column":36}},"5":{"start":{"line":11,"column":25},"end":{"line":14,"column":9}},"6":{"start":{"line":15,"column":8},"end":{"line":17,"column":9}},"7":{"start":{"line":16,"column":12},"end":{"line":16,"column":54}},"8":{"start":{"line":18,"column":8},"end":{"line":18,"column":42}},"9":{"start":{"line":21,"column":25},"end":{"line":24,"column":9}},"10":{"start":{"line":25,"column":8},"end":{"line":27,"column":9}},"11":{"start":{"line":26,"column":12},"end":{"line":26,"column":54}},"12":{"start":{"line":28,"column":8},"end":{"line":28,"column":42}},"13":{"start":{"line":32,"column":25},"end":{"line":35,"column":9}},"14":{"start":{"line":37,"column":8},"end":{"line":38,"column":25}},"15":{"start":{"line":38,"column":12},"end":{"line":38,"column":25}},"16":{"start":{"line":39,"column":8},"end":{"line":39,"column":20}},"17":{"start":{"line":42,"column":25},"end":{"line":45,"column":9}},"18":{"start":{"line":46,"column":8},"end":{"line":48,"column":9}},"19":{"start":{"line":47,"column":12},"end":{"line":47,"column":54}},"20":{"start":{"line":49,"column":8},"end":{"line":49,"column":42}},"21":{"start":{"line":53,"column":48},"end":{"line":53,"column":52}},"22":{"start":{"line":54,"column":23},"end":{"line":57,"column":9}},"23":{"start":{"line":58,"column":22},"end":{"line":58,"column":46}},"24":{"start":{"line":59,"column":24},"end":{"line":59,"column":52}},"25":{"start":{"line":60,"column":8},"end":{"line":60,"column":23}},"26":{"start":{"line":63,"column":25},"end":{"line":66,"column":9}},"27":{"start":{"line":67,"column":8},"end":{"line":67,"column":79}},"28":{"start":{"line":67,"column":36},"end":{"line":67,"column":79}},"29":{"start":{"line":68,"column":8},"end":{"line":68,"column":24}},"30":{"start":{"line":72,"column":0},"end":{"line":72,"column":22}}},"fnMap":{"0":{"name":"(anonymous_0)","decl":{"start":{"line":4,"column":4},"end":{"line":4,"column":5}},"loc":{"start":{"line":4,"column":56},"end":{"line":9,"column":5}},"line":4},"1":{"name":"(anonymous_1)","decl":{"start":{"line":10,"column":4},"end":{"line":10,"column":5}},"loc":{"start":{"line":10,"column":33},"end":{"line":19,"column":5}},"line":10},"2":{"name":"(anonymous_2)","decl":{"start":{"line":20,"column":4},"end":{"line":20,"column":5}},"loc":{"start":{"line":20,"column":32},"end":{"line":29,"column":5}},"line":20},"3":{"name":"(anonymous_3)","decl":{"start":{"line":31,"column":4},"end":{"line":31,"column":5}},"loc":{"start":{"line":31,"column":34},"end":{"line":40,"column":5}},"line":31},"4":{"name":"(anonymous_4)","decl":{"start":{"line":41,"column":4},"end":{"line":41,"column":5}},"loc":{"start":{"line":41,"column":44},"end":{"line":50,"column":5}},"line":41},"5":{"name":"(anonymous_5)","decl":{"start":{"line":52,"column":4},"end":{"line":52,"column":5}},"loc":{"start":{"line":52,"column":30},"end":{"line":61,"column":5}},"line":52},"6":{"name":"(anonymous_6)","decl":{"start":{"line":62,"column":4},"end":{"line":62,"column":5}},"loc":{"start":{"line":62,"column":20},"end":{"line":69,"column":5}},"line":62}},"branchMap":{"0":{"loc":{"start":{"line":8,"column":21},"end":{"line":8,"column":35}},"type":"binary-expr","locations":[{"start":{"line":8,"column":21},"end":{"line":8,"column":26}},{"start":{"line":8,"column":30},"end":{"line":8,"column":35}}],"line":8},"1":{"loc":{"start":{"line":15,"column":8},"end":{"line":17,"column":9}},"type":"if","locations":[{"start":{"line":15,"column":8},"end":{"line":17,"column":9}},{"start":{},"end":{}}],"line":15},"2":{"loc":{"start":{"line":25,"column":8},"end":{"line":27,"column":9}},"type":"if","locations":[{"start":{"line":25,"column":8},"end":{"line":27,"column":9}},{"start":{},"end":{}}],"line":25},"3":{"loc":{"start":{"line":37,"column":8},"end":{"line":38,"column":25}},"type":"if","locations":[{"start":{"line":37,"column":8},"end":{"line":38,"column":25}},{"start":{},"end":{}}],"line":37},"4":{"loc":{"start":{"line":37,"column":12},"end":{"line":37,"column":72}},"type":"binary-expr","locations":[{"start":{"line":37,"column":12},"end":{"line":37,"column":43}},{"start":{"line":37,"column":47},"end":{"line":37,"column":72}}],"line":37},"5":{"loc":{"start":{"line":46,"column":8},"end":{"line":48,"column":9}},"type":"if","locations":[{"start":{"line":46,"column":8},"end":{"line":48,"column":9}},{"start":{},"end":{}}],"line":46},"6":{"loc":{"start":{"line":56,"column":33},"end":{"line":56,"column":49}},"type":"binary-expr","locations":[{"start":{"line":56,"column":33},"end":{"line":56,"column":40}},{"start":{"line":56,"column":44},"end":{"line":56,"column":49}}],"line":56},"7":{"loc":{"start":{"line":67,"column":8},"end":{"line":67,"column":79}},"type":"if","locations":[{"start":{"line":67,"column":8},"end":{"line":67,"column":79}},{"start":{},"end":{}}],"line":67}},"s":{"0":1,"1":0,"2":0,"3":0,"4":0,"5":0,"6":0,"7":0,"8":0,"9":0,"10":0,"11":0,"12":0,"13":0,"14":0,"15":0,"16":0,"17":0,"18":0,"19":0,"20":0,"21":0,"22":0,"23":0,"24":0,"25":0,"26":0,"27":0,"28":0,"29":0,"30":1},"f":{"0":0,"1":0,"2":0,"3":0,"4":0,"5":0,"6":0},"b":{"0":[0,0],"1":[0,0],"2":[0,0],"3":[0,0],"4":[0,0],"5":[0,0],"6":[0,0],"7":[0,0]},"_coverageSchema":"1a1c01bbd47fc00a2c39e90264f33305004495a9","hash":"5f3fb477d41826e9cb91c38425ec80c2a14087e5"}
,"C:\\Users\\j-j-m\\Desktop\\torvolds\\lap2\\project\\team-hip-hip\\backend\\routers\\complaints.js": {"path":"C:\\Users\\j-j-m\\Desktop\\torvolds\\lap2\\project\\team-hip-hip\\backend\\routers\\complaints.js","statementMap":{"0":{"start":{"line":1,"column":19},"end":{"line":1,"column":37}},"1":{"start":{"line":3,"column":22},"end":{"line":3,"column":60}},"2":{"start":{"line":5,"column":29},"end":{"line":5,"column":65}},"3":{"start":{"line":7,"column":25},"end":{"line":7,"column":33}},"4":{"start":{"line":9,"column":0},"end":{"line":9,"column":54}},"5":{"start":{"line":10,"column":0},"end":{"line":10,"column":73}},"6":{"start":{"line":13,"column":0},"end":{"line":13,"column":71}},"7":{"start":{"line":14,"column":0},"end":{"line":14,"column":73}},"8":{"start":{"line":15,"column":0},"end":{"line":15,"column":91}},"9":{"start":{"line":16,"column":0},"end":{"line":16,"column":75}},"10":{"start":{"line":17,"column":0},"end":{"line":17,"column":77}},"11":{"start":{"line":19,"column":0},"end":{"line":19,"column":34}}},"fnMap":{},"branchMap":{},"s":{"0":1,"1":1,"2":1,"3":1,"4":1,"5":1,"6":1,"7":1,"8":1,"9":1,"10":1,"11":1},"f":{},"b":{},"_coverageSchema":"1a1c01bbd47fc00a2c39e90264f33305004495a9","hash":"4e1d48a9e1565ac3ab9fc59506a144a1a9f1ee35"}
,"C:\\Users\\j-j-m\\Desktop\\torvolds\\lap2\\project\\team-hip-hip\\backend\\routers\\index.js": {"path":"C:\\Users\\j-j-m\\Desktop\\torvolds\\lap2\\project\\team-hip-hip\\backend\\routers\\index.js","statementMap":{"0":{"start":{"line":1,"column":19},"end":{"line":1,"column":37}},"1":{"start":{"line":4,"column":24},"end":{"line":4,"column":55}},"2":{"start":{"line":6,"column":20},"end":{"line":6,"column":28}},"3":{"start":{"line":8,"column":0},"end":{"line":8,"column":44}},"4":{"start":{"line":10,"column":0},"end":{"line":10,"column":29}}},"fnMap":{},"branchMap":{},"s":{"0":1,"1":1,"2":1,"3":1,"4":1},"f":{},"b":{},"_coverageSchema":"1a1c01bbd47fc00a2c39e90264f33305004495a9","hash":"1c235da87da600d1f406b039c1c5938b11782841"}
,"C:\\Users\\j-j-m\\Desktop\\torvolds\\lap2\\project\\team-hip-hip\\backend\\routers\\listing.js": {"path":"C:\\Users\\j-j-m\\Desktop\\torvolds\\lap2\\project\\team-hip-hip\\backend\\routers\\listing.js","statementMap":{"0":{"start":{"line":1,"column":19},"end":{"line":1,"column":37}},"1":{"start":{"line":3,"column":22},"end":{"line":3,"column":60}},"2":{"start":{"line":5,"column":27},"end":{"line":5,"column":60}},"3":{"start":{"line":7,"column":23},"end":{"line":7,"column":31}},"4":{"start":{"line":9,"column":0},"end":{"line":9,"column":50}},"5":{"start":{"line":11,"column":0},"end":{"line":11,"column":66}},"6":{"start":{"line":14,"column":0},"end":{"line":14,"column":71}},"7":{"start":{"line":15,"column":0},"end":{"line":15,"column":73}},"8":{"start":{"line":17,"column":0},"end":{"line":17,"column":32}}},"fnMap":{},"branchMap":{},"s":{"0":1,"1":1,"2":1,"3":1,"4":1,"5":1,"6":1,"7":1,"8":1},"f":{},"b":{},"_coverageSchema":"1a1c01bbd47fc00a2c39e90264f33305004495a9","hash":"5d1d0f03928b0801d0f3bac90efa82fef045ea06"}
,"C:\\Users\\j-j-m\\Desktop\\torvolds\\lap2\\project\\team-hip-hip\\backend\\routers\\posts.js": {"path":"C:\\Users\\j-j-m\\Desktop\\torvolds\\lap2\\project\\team-hip-hip\\backend\\routers\\posts.js","statementMap":{"0":{"start":{"line":1,"column":19},"end":{"line":1,"column":37}},"1":{"start":{"line":2,"column":22},"end":{"line":2,"column":60}},"2":{"start":{"line":4,"column":23},"end":{"line":4,"column":54}},"3":{"start":{"line":6,"column":19},"end":{"line":6,"column":27}},"4":{"start":{"line":8,"column":0},"end":{"line":8,"column":41}},"5":{"start":{"line":9,"column":0},"end":{"line":9,"column":65}},"6":{"start":{"line":10,"column":0},"end":{"line":10,"column":62}},"7":{"start":{"line":11,"column":0},"end":{"line":11,"column":53}},"8":{"start":{"line":12,"column":0},"end":{"line":12,"column":71}},"9":{"start":{"line":13,"column":0},"end":{"line":13,"column":55}},"10":{"start":{"line":14,"column":0},"end":{"line":14,"column":73}},"11":{"start":{"line":15,"column":0},"end":{"line":15,"column":43}},"12":{"start":{"line":16,"column":0},"end":{"line":16,"column":58}},"13":{"start":{"line":17,"column":0},"end":{"line":17,"column":63}},"14":{"start":{"line":18,"column":0},"end":{"line":18,"column":63}},"15":{"start":{"line":20,"column":0},"end":{"line":20,"column":27}}},"fnMap":{},"branchMap":{},"s":{"0":1,"1":1,"2":1,"3":1,"4":1,"5":1,"6":1,"7":1,"8":1,"9":1,"10":1,"11":1,"12":1,"13":1,"14":1,"15":1},"f":{},"b":{},"_coverageSchema":"1a1c01bbd47fc00a2c39e90264f33305004495a9","hash":"80b2a4db25da8c3d16013bd00c4478e40cee122b"}
,"C:\\Users\\j-j-m\\Desktop\\torvolds\\lap2\\project\\team-hip-hip\\backend\\routers\\skills.js": {"path":"C:\\Users\\j-j-m\\Desktop\\torvolds\\lap2\\project\\team-hip-hip\\backend\\routers\\skills.js","statementMap":{"0":{"start":{"line":1,"column":19},"end":{"line":1,"column":37}},"1":{"start":{"line":3,"column":22},"end":{"line":3,"column":60}},"2":{"start":{"line":5,"column":25},"end":{"line":5,"column":57}},"3":{"start":{"line":7,"column":21},"end":{"line":7,"column":29}},"4":{"start":{"line":9,"column":0},"end":{"line":9,"column":46}},"5":{"start":{"line":10,"column":0},"end":{"line":10,"column":65}},"6":{"start":{"line":11,"column":0},"end":{"line":11,"column":63}},"7":{"start":{"line":12,"column":0},"end":{"line":12,"column":69}},"8":{"start":{"line":14,"column":0},"end":{"line":14,"column":67}},"9":{"start":{"line":15,"column":0},"end":{"line":15,"column":69}},"10":{"start":{"line":17,"column":0},"end":{"line":17,"column":30}}},"fnMap":{},"branchMap":{},"s":{"0":1,"1":1,"2":1,"3":1,"4":1,"5":1,"6":1,"7":1,"8":1,"9":1,"10":1},"f":{},"b":{},"_coverageSchema":"1a1c01bbd47fc00a2c39e90264f33305004495a9","hash":"9194b963137d7d953f22b992ea733e32e1cc0620"}
,"C:\\Users\\j-j-m\\Desktop\\torvolds\\lap2\\project\\team-hip-hip\\backend\\routers\\user.js": {"path":"C:\\Users\\j-j-m\\Desktop\\torvolds\\lap2\\project\\team-hip-hip\\backend\\routers\\user.js","statementMap":{"0":{"start":{"line":1,"column":19},"end":{"line":1,"column":37}},"1":{"start":{"line":3,"column":23},"end":{"line":3,"column":56}},"2":{"start":{"line":5,"column":19},"end":{"line":5,"column":27}},"3":{"start":{"line":7,"column":0},"end":{"line":7,"column":54}},"4":{"start":{"line":8,"column":0},"end":{"line":8,"column":48}},"5":{"start":{"line":9,"column":0},"end":{"line":9,"column":50}},"6":{"start":{"line":10,"column":0},"end":{"line":10,"column":74}},"7":{"start":{"line":11,"column":0},"end":{"line":11,"column":60}},"8":{"start":{"line":12,"column":0},"end":{"line":12,"column":28}}},"fnMap":{},"branchMap":{},"s":{"0":1,"1":1,"2":1,"3":1,"4":1,"5":1,"6":1,"7":1,"8":1},"f":{},"b":{},"_coverageSchema":"1a1c01bbd47fc00a2c39e90264f33305004495a9","hash":"b628ae48d20d05d1e81ff051ad88c1e7ac443be9"}
}
